<?xml version="1.0" encoding="UTF-8" ?>
<testsuite failures="3" time="0.158" errors="0" skipped="0" tests="8" name="com.baxter.cdtradesupervisor.TestUserSession">
  <properties>
[...]
</properties>
  <testcase time="0.006" classname="com.baxter.cdtradesupervisor.TestUserSession" name="testprocessReceiveGapFill"/>
  <testcase time="0.002" classname="com.baxter.cdtradesupervisor.TestUserSession" name="testprocessReceivedGapFillResponse"/>
  <testcase time="0.003" classname="com.baxter.cdtradesupervisor.TestUserSession" name="testcheckAndSetSeqNumber"/>
  <testcase time="0.012" classname="com.baxter.cdtradesupervisor.TestUserSession" name="testCheckStatus4Client"/>
  <testcase time="0.054" classname="com.baxter.cdtradesupervisor.TestUserSession" name="testClientServerSession">
    <failure message="null" type="junit.framework.AssertionFailedError">junit.framework.AssertionFailedError: null
	at junit.framework.Assert.fail(Assert.java:47)
	at junit.framework.Assert.assertTrue(Assert.java:20)
	at junit.framework.Assert.assertNotNull(Assert.java:214)
	at junit.framework.Assert.assertNotNull(Assert.java:207)
	at com.baxter.cdtradesupervisor.TestUserSession.testClientServerSession(TestUserSession.java:453)
	at sun.reflect.NativeMethodAccessorImpl.invoke0(Native Method)
	at sun.reflect.NativeMethodAccessorImpl.invoke(NativeMethodAccessorImpl.java:39)
	at sun.reflect.DelegatingMethodAccessorImpl.invoke(DelegatingMethodAccessorImpl.java:25)
	at java.lang.reflect.Method.invoke(Method.java:597)
	at junit.framework.TestCase.runTest(TestCase.java:168)
	at junit.framework.TestCase.runBare(TestCase.java:134)
	at junit.framework.TestResult$1.protect(TestResult.java:110)
	at junit.framework.TestResult.runProtected(TestResult.java:128)
	at junit.framework.TestResult.run(TestResult.java:113)
	at junit.framework.TestCase.run(TestCase.java:124)
	at junit.framework.TestSuite.runTest(TestSuite.java:243)
	at junit.framework.TestSuite.run(TestSuite.java:238)
	at org.junit.internal.runners.JUnit38ClassRunner.run(JUnit38ClassRunner.java:83)
	at org.junit.runners.Suite.runChild(Suite.java:128)
	at org.junit.runners.Suite.runChild(Suite.java:24)
	at org.junit.runners.ParentRunner$3.run(ParentRunner.java:193)
	at org.junit.runners.ParentRunner$1.schedule(ParentRunner.java:52)
	at org.junit.runners.ParentRunner.runChildren(ParentRunner.java:191)
	at org.junit.runners.ParentRunner.access$000(ParentRunner.java:42)
	at org.junit.runners.ParentRunner$2.evaluate(ParentRunner.java:184)
	at org.junit.runners.ParentRunner.run(ParentRunner.java:236)
	at org.junit.runner.JUnitCore.run(JUnitCore.java:157)
	at org.junit.runner.JUnitCore.run(JUnitCore.java:136)
	at org.junit.runner.JUnitCore.run(JUnitCore.java:127)
	at org.apache.maven.surefire.junitcore.JUnitCoreWrapper.execute(JUnitCoreWrapper.java:52)
	at org.apache.maven.surefire.junitcore.JUnitCoreProvider.invoke(JUnitCoreProvider.java:109)
	at sun.reflect.NativeMethodAccessorImpl.invoke0(Native Method)
	at sun.reflect.NativeMethodAccessorImpl.invoke(NativeMethodAccessorImpl.java:39)
	at sun.reflect.DelegatingMethodAccessorImpl.invoke(DelegatingMethodAccessorImpl.java:25)
	at java.lang.reflect.Method.invoke(Method.java:597)
	at org.apache.maven.surefire.booter.ProviderFactory$ClassLoaderProxy.invoke(ProviderFactory.java:103)
	at $Proxy0.invoke(Unknown Source)
	at org.apache.maven.surefire.booter.SurefireStarter.invokeProvider(SurefireStarter.java:150)
	at org.apache.maven.surefire.booter.SurefireStarter.runSuitesInProcess(SurefireStarter.java:74)
	at org.apache.maven.surefire.booter.ForkedBooter.main(ForkedBooter.java:69)
</failure>
    <system-out>UserSession.UserSession() - hbSender: Thread[HeartBeatSender,5,main]MyUserSession: UserSession: userId:thbSender: Thread[HeartBeatSender,5,main][2011-06-01 13:12:06,110][DEBUG] - UserSession(): session is creating. userId: t General session
2341 [main] DEBUG com.baxter.junit.BaxterTestCase  - UserSession(): session is creating. userId: t General session
2341 [main] DEBUG com.baxter.junit.BaxterTestCase  - UserSession(): session is creating. userId: t General session
[2011-06-01 13:12:06,111][TRACE] - UserSession.UserSession(): MAX_ENTRIES_OF_MESSAGEHISTORY=100 JMS_HEARTBEAT_DELAY=5000 MAX_JMS_SESSION_STARTUP_DELAY=500 MAX_HEARTBEAT_TOLERANCE=5000 MAX_SIZE_OF_HOLD_UP_LIST=100 userId: t General session
2342 [main] TRACE com.baxter.junit.BaxterTestCase  - UserSession.UserSession(): MAX_ENTRIES_OF_MESSAGEHISTORY=100 JMS_HEARTBEAT_DELAY=5000 MAX_JMS_SESSION_STARTUP_DELAY=500 MAX_HEARTBEAT_TOLERANCE=5000 MAX_SIZE_OF_HOLD_UP_LIST=100 userId: t General session
2342 [main] TRACE com.baxter.junit.BaxterTestCase  - UserSession.UserSession(): MAX_ENTRIES_OF_MESSAGEHISTORY=100 JMS_HEARTBEAT_DELAY=5000 MAX_JMS_SESSION_STARTUP_DELAY=500 MAX_HEARTBEAT_TOLERANCE=5000 MAX_SIZE_OF_HOLD_UP_LIST=100 userId: t General session
[2011-06-01 13:12:06,111][TRACE] - UserSession.UserSession(): userListForSelector=[t] userId: t General session
2342 [main] TRACE com.baxter.junit.BaxterTestCase  - UserSession.UserSession(): userListForSelector=[t] userId: t General session
2342 [main] TRACE com.baxter.junit.BaxterTestCase  - UserSession.UserSession(): userListForSelector=[t] userId: t General session
[2011-06-01 13:12:06,111][DEBUG] - GeneralClientUserSession.setupJMS() is invoked. userId: t General session
2342 [main] DEBUG com.baxter.junit.BaxterTestCase  - GeneralClientUserSession.setupJMS() is invoked. userId: t General session
2342 [main] DEBUG com.baxter.junit.BaxterTestCase  - GeneralClientUserSession.setupJMS() is invoked. userId: t General session
[2011-06-01 13:12:06,112][DEBUG] - GeneralClientUserSession.setupJMS() providerURL: jnp://192.168.9.33:1099
		contextFactory: org.jnp.interfaces.NamingContextFactory
		queueFactoryName: /ConnectionFactory
		JMS_ServerToClientQueue: t_JMS_ServerToClientQueue@router1
		JMS_ClientToServerQueue: t_JMS_ClientToServerQueue@router1
		timeToLive: 30000
		queueAliasForSending: t_client_JMS_QueueAliasCTS
		qqueueAliasForReceiving: t_client_JMS_QueueAliasSTC userId: t General session
2343 [main] DEBUG com.baxter.junit.BaxterTestCase  - GeneralClientUserSession.setupJMS() providerURL: jnp://192.168.9.33:1099
		contextFactory: org.jnp.interfaces.NamingContextFactory
		queueFactoryName: /ConnectionFactory
		JMS_ServerToClientQueue: t_JMS_ServerToClientQueue@router1
		JMS_ClientToServerQueue: t_JMS_ClientToServerQueue@router1
		timeToLive: 30000
		queueAliasForSending: t_client_JMS_QueueAliasCTS
		qqueueAliasForReceiving: t_client_JMS_QueueAliasSTC userId: t General session
2343 [main] DEBUG com.baxter.junit.BaxterTestCase  - GeneralClientUserSession.setupJMS() providerURL: jnp://192.168.9.33:1099
		contextFactory: org.jnp.interfaces.NamingContextFactory
		queueFactoryName: /ConnectionFactory
		JMS_ServerToClientQueue: t_JMS_ServerToClientQueue@router1
		JMS_ClientToServerQueue: t_JMS_ClientToServerQueue@router1
		timeToLive: 30000
		queueAliasForSending: t_client_JMS_QueueAliasCTS
		qqueueAliasForReceiving: t_client_JMS_QueueAliasSTC userId: t General session
[2011-06-01 13:12:06,115][DEBUG] - JMSManager VERSION: 2010.04.28.
2346 [main] DEBUG com.baxter.junit.BaxterTestCase  - JMSManager VERSION: 2010.04.28.
2346 [main] DEBUG com.baxter.junit.BaxterTestCase  - JMSManager VERSION: 2010.04.28.
[2011-06-01 13:12:06,125][TRACE] - getInitialContext(): providerURL: jnp://192.168.9.33:1099 INITIAL_CONTEXT_FACTORY: org.jnp.interfaces.NamingContextFactory
2356 [main] TRACE com.baxter.junit.BaxterTestCase  - getInitialContext(): providerURL: jnp://192.168.9.33:1099 INITIAL_CONTEXT_FACTORY: org.jnp.interfaces.NamingContextFactory
2356 [main] TRACE com.baxter.junit.BaxterTestCase  - getInitialContext(): providerURL: jnp://192.168.9.33:1099 INITIAL_CONTEXT_FACTORY: org.jnp.interfaces.NamingContextFactory
[2011-06-01 13:12:06,154][TRACE] - connectToJMS(): channelName: t_JMS_ServerToClientQueue@router1, lookup QUEUE_CONNECTION_FACTORY: /ConnectionFactory
2385 [main] TRACE com.baxter.junit.BaxterTestCase  - connectToJMS(): channelName: t_JMS_ServerToClientQueue@router1, lookup QUEUE_CONNECTION_FACTORY: /ConnectionFactory
2385 [main] TRACE com.baxter.junit.BaxterTestCase  - connectToJMS(): channelName: t_JMS_ServerToClientQueue@router1, lookup QUEUE_CONNECTION_FACTORY: /ConnectionFactory
[2011-06-01 13:12:06,154][TRACE] - ContextWatchThread.run(): initialContext OK...
2385 [Thread-21] TRACE com.baxter.junit.BaxterTestCase  - ContextWatchThread.run(): initialContext OK...
2385 [Thread-21] TRACE com.baxter.junit.BaxterTestCase  - ContextWatchThread.run(): initialContext OK...
[2011-06-01 13:12:06,293][TRACE] - connectToJMS(): channelName: t_JMS_ServerToClientQueue@router1, createQueueConnection()
2524 [main] TRACE com.baxter.junit.BaxterTestCase  - connectToJMS(): channelName: t_JMS_ServerToClientQueue@router1, createQueueConnection()
2524 [main] TRACE com.baxter.junit.BaxterTestCase  - connectToJMS(): channelName: t_JMS_ServerToClientQueue@router1, createQueueConnection()
[2011-06-01 13:12:06,293][TRACE] - connectToJMS(): channelName: t_JMS_ServerToClientQueue@router1, createTopicConnection()
2524 [main] TRACE com.baxter.junit.BaxterTestCase  - connectToJMS(): channelName: t_JMS_ServerToClientQueue@router1, createTopicConnection()
2524 [main] TRACE com.baxter.junit.BaxterTestCase  - connectToJMS(): channelName: t_JMS_ServerToClientQueue@router1, createTopicConnection()
[2011-06-01 13:12:06,498][TRACE] - connectToJMS(): channelName: t_JMS_ServerToClientQueue@router1, setExceptionListener()
2729 [main] TRACE com.baxter.junit.BaxterTestCase  - connectToJMS(): channelName: t_JMS_ServerToClientQueue@router1, setExceptionListener()
2729 [main] TRACE com.baxter.junit.BaxterTestCase  - connectToJMS(): channelName: t_JMS_ServerToClientQueue@router1, setExceptionListener()
[2011-06-01 13:12:06,499][TRACE] - connectToJMS(): channelName: t_JMS_ServerToClientQueue@router1, createQueueSession()
2730 [main] TRACE com.baxter.junit.BaxterTestCase  - connectToJMS(): channelName: t_JMS_ServerToClientQueue@router1, createQueueSession()
2730 [main] TRACE com.baxter.junit.BaxterTestCase  - connectToJMS(): channelName: t_JMS_ServerToClientQueue@router1, createQueueSession()
[2011-06-01 13:12:06,513][TRACE] - connectToJMS(): channelName: t_JMS_ServerToClientQueue@router1, lookup channelName: t_JMS_ServerToClientQueue@router1
2744 [main] TRACE com.baxter.junit.BaxterTestCase  - connectToJMS(): channelName: t_JMS_ServerToClientQueue@router1, lookup channelName: t_JMS_ServerToClientQueue@router1
2744 [main] TRACE com.baxter.junit.BaxterTestCase  - connectToJMS(): channelName: t_JMS_ServerToClientQueue@router1, lookup channelName: t_JMS_ServerToClientQueue@router1
[2011-06-01 13:12:06,521][TRACE] - connectToJMS(): channelName: t_JMS_ServerToClientQueue@router1, initialContext.close()
2752 [main] TRACE com.baxter.junit.BaxterTestCase  - connectToJMS(): channelName: t_JMS_ServerToClientQueue@router1, initialContext.close()
2752 [main] TRACE com.baxter.junit.BaxterTestCase  - connectToJMS(): channelName: t_JMS_ServerToClientQueue@router1, initialContext.close()
[2011-06-01 13:12:06,521][TRACE] - connectToJMS(): channelName: t_JMS_ServerToClientQueue@router1, createReceiver()
2752 [main] TRACE com.baxter.junit.BaxterTestCase  - connectToJMS(): channelName: t_JMS_ServerToClientQueue@router1, createReceiver()
2752 [main] TRACE com.baxter.junit.BaxterTestCase  - connectToJMS(): channelName: t_JMS_ServerToClientQueue@router1, createReceiver()
[2011-06-01 13:12:06,541][TRACE] - connectToJMS(): successfully connected...  alias: t_client_JMS_QueueAliasSTC providerURL: jnp://192.168.9.33:1099 channelName: t_JMS_ServerToClientQueue@router1 ackMode: 1 messageTimeToLive: 30000 deliveryMode: 1 isSender: false messageListener: null userName: null password: null
2772 [main] TRACE com.baxter.junit.BaxterTestCase  - connectToJMS(): successfully connected...  alias: t_client_JMS_QueueAliasSTC providerURL: jnp://192.168.9.33:1099 channelName: t_JMS_ServerToClientQueue@router1 ackMode: 1 messageTimeToLive: 30000 deliveryMode: 1 isSender: false messageListener: null userName: null password: null
2772 [main] TRACE com.baxter.junit.BaxterTestCase  - connectToJMS(): successfully connected...  alias: t_client_JMS_QueueAliasSTC providerURL: jnp://192.168.9.33:1099 channelName: t_JMS_ServerToClientQueue@router1 ackMode: 1 messageTimeToLive: 30000 deliveryMode: 1 isSender: false messageListener: null userName: null password: null
[2011-06-01 13:12:06,541][TRACE] - getInitialContext(): providerURL: jnp://192.168.9.33:1099 INITIAL_CONTEXT_FACTORY: org.jnp.interfaces.NamingContextFactory
2772 [main] TRACE com.baxter.junit.BaxterTestCase  - getInitialContext(): providerURL: jnp://192.168.9.33:1099 INITIAL_CONTEXT_FACTORY: org.jnp.interfaces.NamingContextFactory
2772 [main] TRACE com.baxter.junit.BaxterTestCase  - getInitialContext(): providerURL: jnp://192.168.9.33:1099 INITIAL_CONTEXT_FACTORY: org.jnp.interfaces.NamingContextFactory
[2011-06-01 13:12:06,542][TRACE] - connectToJMS(): channelName: t_JMS_ClientToServerQueue@router1, lookup QUEUE_CONNECTION_FACTORY: /ConnectionFactory
2773 [main] TRACE com.baxter.junit.BaxterTestCase  - connectToJMS(): channelName: t_JMS_ClientToServerQueue@router1, lookup QUEUE_CONNECTION_FACTORY: /ConnectionFactory
2773 [main] TRACE com.baxter.junit.BaxterTestCase  - connectToJMS(): channelName: t_JMS_ClientToServerQueue@router1, lookup QUEUE_CONNECTION_FACTORY: /ConnectionFactory
[2011-06-01 13:12:06,542][TRACE] - ContextWatchThread.run(): initialContext OK...
2773 [Thread-22] TRACE com.baxter.junit.BaxterTestCase  - ContextWatchThread.run(): initialContext OK...
2773 [Thread-22] TRACE com.baxter.junit.BaxterTestCase  - ContextWatchThread.run(): initialContext OK...
[2011-06-01 13:12:06,547][TRACE] - connectToJMS(): channelName: t_JMS_ClientToServerQueue@router1, createQueueConnection()
2778 [main] TRACE com.baxter.junit.BaxterTestCase  - connectToJMS(): channelName: t_JMS_ClientToServerQueue@router1, createQueueConnection()
2778 [main] TRACE com.baxter.junit.BaxterTestCase  - connectToJMS(): channelName: t_JMS_ClientToServerQueue@router1, createQueueConnection()
[2011-06-01 13:12:06,548][TRACE] - connectToJMS(): channelName: t_JMS_ClientToServerQueue@router1, createTopicConnection()
2779 [main] TRACE com.baxter.junit.BaxterTestCase  - connectToJMS(): channelName: t_JMS_ClientToServerQueue@router1, createTopicConnection()
2779 [main] TRACE com.baxter.junit.BaxterTestCase  - connectToJMS(): channelName: t_JMS_ClientToServerQueue@router1, createTopicConnection()
[2011-06-01 13:12:06,552][TRACE] - connectToJMS(): channelName: t_JMS_ClientToServerQueue@router1, setExceptionListener()
2783 [main] TRACE com.baxter.junit.BaxterTestCase  - connectToJMS(): channelName: t_JMS_ClientToServerQueue@router1, setExceptionListener()
2783 [main] TRACE com.baxter.junit.BaxterTestCase  - connectToJMS(): channelName: t_JMS_ClientToServerQueue@router1, setExceptionListener()
[2011-06-01 13:12:06,552][TRACE] - connectToJMS(): channelName: t_JMS_ClientToServerQueue@router1, createQueueSession()
2783 [main] TRACE com.baxter.junit.BaxterTestCase  - connectToJMS(): channelName: t_JMS_ClientToServerQueue@router1, createQueueSession()
2783 [main] TRACE com.baxter.junit.BaxterTestCase  - connectToJMS(): channelName: t_JMS_ClientToServerQueue@router1, createQueueSession()
[2011-06-01 13:12:06,553][TRACE] - connectToJMS(): channelName: t_JMS_ClientToServerQueue@router1, lookup channelName: t_JMS_ClientToServerQueue@router1
2784 [main] TRACE com.baxter.junit.BaxterTestCase  - connectToJMS(): channelName: t_JMS_ClientToServerQueue@router1, lookup channelName: t_JMS_ClientToServerQueue@router1
2784 [main] TRACE com.baxter.junit.BaxterTestCase  - connectToJMS(): channelName: t_JMS_ClientToServerQueue@router1, lookup channelName: t_JMS_ClientToServerQueue@router1
[2011-06-01 13:12:06,558][TRACE] - connectToJMS(): channelName: t_JMS_ClientToServerQueue@router1, initialContext.close()
2789 [main] TRACE com.baxter.junit.BaxterTestCase  - connectToJMS(): channelName: t_JMS_ClientToServerQueue@router1, initialContext.close()
2789 [main] TRACE com.baxter.junit.BaxterTestCase  - connectToJMS(): channelName: t_JMS_ClientToServerQueue@router1, initialContext.close()
[2011-06-01 13:12:06,558][TRACE] - connectToJMS(): channelName: t_JMS_ClientToServerQueue@router1, createSender()
2789 [main] TRACE com.baxter.junit.BaxterTestCase  - connectToJMS(): channelName: t_JMS_ClientToServerQueue@router1, createSender()
2789 [main] TRACE com.baxter.junit.BaxterTestCase  - connectToJMS(): channelName: t_JMS_ClientToServerQueue@router1, createSender()
[2011-06-01 13:12:06,575][TRACE] - connectToJMS(): successfully connected...  alias: t_client_JMS_QueueAliasCTS providerURL: jnp://192.168.9.33:1099 channelName: t_JMS_ClientToServerQueue@router1 ackMode: 1 messageTimeToLive: 30000 deliveryMode: 1 isSender: true messageListener: null userName: null password: null
2806 [main] TRACE com.baxter.junit.BaxterTestCase  - connectToJMS(): successfully connected...  alias: t_client_JMS_QueueAliasCTS providerURL: jnp://192.168.9.33:1099 channelName: t_JMS_ClientToServerQueue@router1 ackMode: 1 messageTimeToLive: 30000 deliveryMode: 1 isSender: true messageListener: null userName: null password: null
2806 [main] TRACE com.baxter.junit.BaxterTestCase  - connectToJMS(): successfully connected...  alias: t_client_JMS_QueueAliasCTS providerURL: jnp://192.168.9.33:1099 channelName: t_JMS_ClientToServerQueue@router1 ackMode: 1 messageTimeToLive: 30000 deliveryMode: 1 isSender: true messageListener: null userName: null password: null
[2011-06-01 13:12:06,604][TRACE] - UserSession.UserSession(String, String, Logger, boolean):
messageSender: com.baxter.cdtradesupervisor.UserSession$MessageSenderObjectUpdaterThread@16acdd1 userId: t General session
2835 [main] TRACE com.baxter.junit.BaxterTestCase  - UserSession.UserSession(String, String, Logger, boolean):
messageSender: com.baxter.cdtradesupervisor.UserSession$MessageSenderObjectUpdaterThread@16acdd1 userId: t General session
2835 [main] TRACE com.baxter.junit.BaxterTestCase  - UserSession.UserSession(String, String, Logger, boolean):
messageSender: com.baxter.cdtradesupervisor.UserSession$MessageSenderObjectUpdaterThread@16acdd1 userId: t General session
[2011-06-01 13:12:06,604][TRACE] - ObjectUpdaterThread.run() threadName: MessageSender Start waiting... ListUpdated: false
2835 [MessageSender] TRACE com.baxter.junit.BaxterTestCase  - ObjectUpdaterThread.run() threadName: MessageSender Start waiting... ListUpdated: false
2835 [MessageSender] TRACE com.baxter.junit.BaxterTestCase  - ObjectUpdaterThread.run() threadName: MessageSender Start waiting... ListUpdated: false
[2011-06-01 13:12:06,604][TRACE] - ObjectUpdaterThread.run() threadName: MessageReceiver Start waiting... ListUpdated: false
2835 [MessageReceiver] TRACE com.baxter.junit.BaxterTestCase  - ObjectUpdaterThread.run() threadName: MessageReceiver Start waiting... ListUpdated: false
2835 [MessageReceiver] TRACE com.baxter.junit.BaxterTestCase  - ObjectUpdaterThread.run() threadName: MessageReceiver Start waiting... ListUpdated: false
[2011-06-01 13:12:06,604][TRACE] - parameter read from /store/jenkins/jobs/currency-dealing/workspace/target/test-classes/conf/JUnit.ini: HEARTBEAT_MISSEDTHRESHOLD_RED_MSG: Network connection is unstable.
2835 [main] TRACE com.baxter.junit.BaxterTestCase  - parameter read from /store/jenkins/jobs/currency-dealing/workspace/target/test-classes/conf/JUnit.ini: HEARTBEAT_MISSEDTHRESHOLD_RED_MSG: Network connection is unstable.
2835 [main] TRACE com.baxter.junit.BaxterTestCase  - parameter read from /store/jenkins/jobs/currency-dealing/workspace/target/test-classes/conf/JUnit.ini: HEARTBEAT_MISSEDTHRESHOLD_RED_MSG: Network connection is unstable.
[2011-06-01 13:12:06,604][DEBUG] - setupUDPMessageHandler()  UDP_BUFFER_LENGTH: 4096 UDP_PRICE_RECEIVER_MAX_LIST_SIZE: 100 IS_LOGGING_UDP_MESSAGES: false userId: t General session
2835 [main] DEBUG com.baxter.junit.BaxterTestCase  - setupUDPMessageHandler()  UDP_BUFFER_LENGTH: 4096 UDP_PRICE_RECEIVER_MAX_LIST_SIZE: 100 IS_LOGGING_UDP_MESSAGES: false userId: t General session
2835 [main] DEBUG com.baxter.junit.BaxterTestCase  - setupUDPMessageHandler()  UDP_BUFFER_LENGTH: 4096 UDP_PRICE_RECEIVER_MAX_LIST_SIZE: 100 IS_LOGGING_UDP_MESSAGES: false userId: t General session
[2011-06-01 13:12:06,605][TRACE] - ObjectUpdaterThread.run() threadName: UDPMessageReceiverObjectUpdaterThread Start waiting... ListUpdated: false
2836 [UDPMessageReceiverObjectUpdaterThread] TRACE com.baxter.junit.BaxterTestCase  - ObjectUpdaterThread.run() threadName: UDPMessageReceiverObjectUpdaterThread Start waiting... ListUpdated: false
2836 [UDPMessageReceiverObjectUpdaterThread] TRACE com.baxter.junit.BaxterTestCase  - ObjectUpdaterThread.run() threadName: UDPMessageReceiverObjectUpdaterThread Start waiting... ListUpdated: false
[2011-06-01 13:12:06,606][DEBUG] - UserSession(): session is creating. userId: t General session
2837 [main] DEBUG com.baxter.junit.BaxterTestCase  - UserSession(): session is creating. userId: t General session
2837 [main] DEBUG com.baxter.junit.BaxterTestCase  - UserSession(): session is creating. userId: t General session
[2011-06-01 13:12:06,607][TRACE] - UserSession.UserSession(): MAX_ENTRIES_OF_MESSAGEHISTORY=100 JMS_HEARTBEAT_DELAY=5000 MAX_JMS_SESSION_STARTUP_DELAY=500 MAX_HEARTBEAT_TOLERANCE=5000 MAX_SIZE_OF_HOLD_UP_LIST=100 userId: t General session
2838 [main] TRACE com.baxter.junit.BaxterTestCase  - UserSession.UserSession(): MAX_ENTRIES_OF_MESSAGEHISTORY=100 JMS_HEARTBEAT_DELAY=5000 MAX_JMS_SESSION_STARTUP_DELAY=500 MAX_HEARTBEAT_TOLERANCE=5000 MAX_SIZE_OF_HOLD_UP_LIST=100 userId: t General session
2838 [main] TRACE com.baxter.junit.BaxterTestCase  - UserSession.UserSession(): MAX_ENTRIES_OF_MESSAGEHISTORY=100 JMS_HEARTBEAT_DELAY=5000 MAX_JMS_SESSION_STARTUP_DELAY=500 MAX_HEARTBEAT_TOLERANCE=5000 MAX_SIZE_OF_HOLD_UP_LIST=100 userId: t General session
[2011-06-01 13:12:06,607][TRACE] - UserSession.UserSession(): userListForSelector=[t, t1] userId: t General session
2838 [main] TRACE com.baxter.junit.BaxterTestCase  - UserSession.UserSession(): userListForSelector=[t, t1] userId: t General session
2838 [main] TRACE com.baxter.junit.BaxterTestCase  - UserSession.UserSession(): userListForSelector=[t, t1] userId: t General session
[2011-06-01 13:12:06,607][TRACE] - GeneralServerUserSession.setupJMS() is invoked. userId: t General session
2838 [main] TRACE com.baxter.junit.BaxterTestCase  - GeneralServerUserSession.setupJMS() is invoked. userId: t General session
2838 [main] TRACE com.baxter.junit.BaxterTestCase  - GeneralServerUserSession.setupJMS() is invoked. userId: t General session
[2011-06-01 13:12:06,608][TRACE] - GeneralServerUserSession.setupJMS() providerURL: jnp://192.168.9.33:1099
		contextFactory: org.jnp.interfaces.NamingContextFactory
		queueFactoryName: /ConnectionFactory
		JMS_ServerToClientQueue: t_JMS_ServerToClientQueue@router1
		JMS_ClientToServerQueue: t_JMS_ClientToServerQueue@router1
		timeToLive: 30000
		queueAliasForSending: t_JMS_QueueAliasSTC
		qqueueAliasForReceiving: t_JMS_QueueAliasCTS userId: t General session
2839 [main] TRACE com.baxter.junit.BaxterTestCase  - GeneralServerUserSession.setupJMS() providerURL: jnp://192.168.9.33:1099
		contextFactory: org.jnp.interfaces.NamingContextFactory
		queueFactoryName: /ConnectionFactory
		JMS_ServerToClientQueue: t_JMS_ServerToClientQueue@router1
		JMS_ClientToServerQueue: t_JMS_ClientToServerQueue@router1
		timeToLive: 30000
		queueAliasForSending: t_JMS_QueueAliasSTC
		qqueueAliasForReceiving: t_JMS_QueueAliasCTS userId: t General session
2839 [main] TRACE com.baxter.junit.BaxterTestCase  - GeneralServerUserSession.setupJMS() providerURL: jnp://192.168.9.33:1099
		contextFactory: org.jnp.interfaces.NamingContextFactory
		queueFactoryName: /ConnectionFactory
		JMS_ServerToClientQueue: t_JMS_ServerToClientQueue@router1
		JMS_ClientToServerQueue: t_JMS_ClientToServerQueue@router1
		timeToLive: 30000
		queueAliasForSending: t_JMS_QueueAliasSTC
		qqueueAliasForReceiving: t_JMS_QueueAliasCTS userId: t General session
[2011-06-01 13:12:06,608][TRACE] - getInitialContext(): providerURL: jnp://192.168.9.33:1099 INITIAL_CONTEXT_FACTORY: org.jnp.interfaces.NamingContextFactory
2839 [main] TRACE com.baxter.junit.BaxterTestCase  - getInitialContext(): providerURL: jnp://192.168.9.33:1099 INITIAL_CONTEXT_FACTORY: org.jnp.interfaces.NamingContextFactory
2839 [main] TRACE com.baxter.junit.BaxterTestCase  - getInitialContext(): providerURL: jnp://192.168.9.33:1099 INITIAL_CONTEXT_FACTORY: org.jnp.interfaces.NamingContextFactory
[2011-06-01 13:12:06,608][TRACE] - connectToJMS(): channelName: t_JMS_ServerToClientQueue@router1, lookup QUEUE_CONNECTION_FACTORY: /ConnectionFactory
2839 [main] TRACE com.baxter.junit.BaxterTestCase  - connectToJMS(): channelName: t_JMS_ServerToClientQueue@router1, lookup QUEUE_CONNECTION_FACTORY: /ConnectionFactory
2839 [main] TRACE com.baxter.junit.BaxterTestCase  - connectToJMS(): channelName: t_JMS_ServerToClientQueue@router1, lookup QUEUE_CONNECTION_FACTORY: /ConnectionFactory
[2011-06-01 13:12:06,608][TRACE] - ContextWatchThread.run(): initialContext OK...
2839 [Thread-28] TRACE com.baxter.junit.BaxterTestCase  - ContextWatchThread.run(): initialContext OK...
2839 [Thread-28] TRACE com.baxter.junit.BaxterTestCase  - ContextWatchThread.run(): initialContext OK...
[2011-06-01 13:12:06,615][TRACE] - connectToJMS(): channelName: t_JMS_ServerToClientQueue@router1, createQueueConnection()
2846 [main] TRACE com.baxter.junit.BaxterTestCase  - connectToJMS(): channelName: t_JMS_ServerToClientQueue@router1, createQueueConnection()
2846 [main] TRACE com.baxter.junit.BaxterTestCase  - connectToJMS(): channelName: t_JMS_ServerToClientQueue@router1, createQueueConnection()
[2011-06-01 13:12:06,615][TRACE] - connectToJMS(): channelName: t_JMS_ServerToClientQueue@router1, createTopicConnection()
2846 [main] TRACE com.baxter.junit.BaxterTestCase  - connectToJMS(): channelName: t_JMS_ServerToClientQueue@router1, createTopicConnection()
2846 [main] TRACE com.baxter.junit.BaxterTestCase  - connectToJMS(): channelName: t_JMS_ServerToClientQueue@router1, createTopicConnection()
[2011-06-01 13:12:06,619][TRACE] - connectToJMS(): channelName: t_JMS_ServerToClientQueue@router1, setExceptionListener()
2850 [main] TRACE com.baxter.junit.BaxterTestCase  - connectToJMS(): channelName: t_JMS_ServerToClientQueue@router1, setExceptionListener()
2850 [main] TRACE com.baxter.junit.BaxterTestCase  - connectToJMS(): channelName: t_JMS_ServerToClientQueue@router1, setExceptionListener()
[2011-06-01 13:12:06,619][TRACE] - connectToJMS(): channelName: t_JMS_ServerToClientQueue@router1, createQueueSession()
2850 [main] TRACE com.baxter.junit.BaxterTestCase  - connectToJMS(): channelName: t_JMS_ServerToClientQueue@router1, createQueueSession()
2850 [main] TRACE com.baxter.junit.BaxterTestCase  - connectToJMS(): channelName: t_JMS_ServerToClientQueue@router1, createQueueSession()
[2011-06-01 13:12:06,620][TRACE] - connectToJMS(): channelName: t_JMS_ServerToClientQueue@router1, lookup channelName: t_JMS_ServerToClientQueue@router1
2851 [main] TRACE com.baxter.junit.BaxterTestCase  - connectToJMS(): channelName: t_JMS_ServerToClientQueue@router1, lookup channelName: t_JMS_ServerToClientQueue@router1
2851 [main] TRACE com.baxter.junit.BaxterTestCase  - connectToJMS(): channelName: t_JMS_ServerToClientQueue@router1, lookup channelName: t_JMS_ServerToClientQueue@router1
[2011-06-01 13:12:06,625][TRACE] - connectToJMS(): channelName: t_JMS_ServerToClientQueue@router1, initialContext.close()
2856 [main] TRACE com.baxter.junit.BaxterTestCase  - connectToJMS(): channelName: t_JMS_ServerToClientQueue@router1, initialContext.close()
2856 [main] TRACE com.baxter.junit.BaxterTestCase  - connectToJMS(): channelName: t_JMS_ServerToClientQueue@router1, initialContext.close()
[2011-06-01 13:12:06,625][TRACE] - connectToJMS(): channelName: t_JMS_ServerToClientQueue@router1, createSender()
2856 [main] TRACE com.baxter.junit.BaxterTestCase  - connectToJMS(): channelName: t_JMS_ServerToClientQueue@router1, createSender()
2856 [main] TRACE com.baxter.junit.BaxterTestCase  - connectToJMS(): channelName: t_JMS_ServerToClientQueue@router1, createSender()
[2011-06-01 13:12:06,627][TRACE] - connectToJMS(): successfully connected...  alias: t_JMS_QueueAliasSTC providerURL: jnp://192.168.9.33:1099 channelName: t_JMS_ServerToClientQueue@router1 ackMode: 1 messageTimeToLive: 30000 deliveryMode: 1 isSender: true messageListener: null userName: null password: null
2858 [main] TRACE com.baxter.junit.BaxterTestCase  - connectToJMS(): successfully connected...  alias: t_JMS_QueueAliasSTC providerURL: jnp://192.168.9.33:1099 channelName: t_JMS_ServerToClientQueue@router1 ackMode: 1 messageTimeToLive: 30000 deliveryMode: 1 isSender: true messageListener: null userName: null password: null
2858 [main] TRACE com.baxter.junit.BaxterTestCase  - connectToJMS(): successfully connected...  alias: t_JMS_QueueAliasSTC providerURL: jnp://192.168.9.33:1099 channelName: t_JMS_ServerToClientQueue@router1 ackMode: 1 messageTimeToLive: 30000 deliveryMode: 1 isSender: true messageListener: null userName: null password: null
[2011-06-01 13:12:06,627][TRACE] - getInitialContext(): providerURL: jnp://192.168.9.33:1099 INITIAL_CONTEXT_FACTORY: org.jnp.interfaces.NamingContextFactory
2858 [main] TRACE com.baxter.junit.BaxterTestCase  - getInitialContext(): providerURL: jnp://192.168.9.33:1099 INITIAL_CONTEXT_FACTORY: org.jnp.interfaces.NamingContextFactory
2858 [main] TRACE com.baxter.junit.BaxterTestCase  - getInitialContext(): providerURL: jnp://192.168.9.33:1099 INITIAL_CONTEXT_FACTORY: org.jnp.interfaces.NamingContextFactory
[2011-06-01 13:12:06,628][TRACE] - connectToJMS(): channelName: t_JMS_ClientToServerQueue@router1, lookup QUEUE_CONNECTION_FACTORY: /ConnectionFactory
2859 [main] TRACE com.baxter.junit.BaxterTestCase  - connectToJMS(): channelName: t_JMS_ClientToServerQueue@router1, lookup QUEUE_CONNECTION_FACTORY: /ConnectionFactory
2859 [main] TRACE com.baxter.junit.BaxterTestCase  - connectToJMS(): channelName: t_JMS_ClientToServerQueue@router1, lookup QUEUE_CONNECTION_FACTORY: /ConnectionFactory
[2011-06-01 13:12:06,628][TRACE] - ContextWatchThread.run(): initialContext OK...
2859 [Thread-29] TRACE com.baxter.junit.BaxterTestCase  - ContextWatchThread.run(): initialContext OK...
2859 [Thread-29] TRACE com.baxter.junit.BaxterTestCase  - ContextWatchThread.run(): initialContext OK...
[2011-06-01 13:12:06,636][TRACE] - connectToJMS(): channelName: t_JMS_ClientToServerQueue@router1, createQueueConnection()
2867 [main] TRACE com.baxter.junit.BaxterTestCase  - connectToJMS(): channelName: t_JMS_ClientToServerQueue@router1, createQueueConnection()
2867 [main] TRACE com.baxter.junit.BaxterTestCase  - connectToJMS(): channelName: t_JMS_ClientToServerQueue@router1, createQueueConnection()
[2011-06-01 13:12:06,636][TRACE] - connectToJMS(): channelName: t_JMS_ClientToServerQueue@router1, createTopicConnection()
2867 [main] TRACE com.baxter.junit.BaxterTestCase  - connectToJMS(): channelName: t_JMS_ClientToServerQueue@router1, createTopicConnection()
2867 [main] TRACE com.baxter.junit.BaxterTestCase  - connectToJMS(): channelName: t_JMS_ClientToServerQueue@router1, createTopicConnection()
[2011-06-01 13:12:06,640][TRACE] - connectToJMS(): channelName: t_JMS_ClientToServerQueue@router1, setExceptionListener()
2871 [main] TRACE com.baxter.junit.BaxterTestCase  - connectToJMS(): channelName: t_JMS_ClientToServerQueue@router1, setExceptionListener()
2871 [main] TRACE com.baxter.junit.BaxterTestCase  - connectToJMS(): channelName: t_JMS_ClientToServerQueue@router1, setExceptionListener()
[2011-06-01 13:12:06,640][TRACE] - connectToJMS(): channelName: t_JMS_ClientToServerQueue@router1, createQueueSession()
2871 [main] TRACE com.baxter.junit.BaxterTestCase  - connectToJMS(): channelName: t_JMS_ClientToServerQueue@router1, createQueueSession()
2871 [main] TRACE com.baxter.junit.BaxterTestCase  - connectToJMS(): channelName: t_JMS_ClientToServerQueue@router1, createQueueSession()
[2011-06-01 13:12:06,642][TRACE] - connectToJMS(): channelName: t_JMS_ClientToServerQueue@router1, lookup channelName: t_JMS_ClientToServerQueue@router1
2873 [main] TRACE com.baxter.junit.BaxterTestCase  - connectToJMS(): channelName: t_JMS_ClientToServerQueue@router1, lookup channelName: t_JMS_ClientToServerQueue@router1
2873 [main] TRACE com.baxter.junit.BaxterTestCase  - connectToJMS(): channelName: t_JMS_ClientToServerQueue@router1, lookup channelName: t_JMS_ClientToServerQueue@router1
[2011-06-01 13:12:06,646][TRACE] - connectToJMS(): channelName: t_JMS_ClientToServerQueue@router1, initialContext.close()
2877 [main] TRACE com.baxter.junit.BaxterTestCase  - connectToJMS(): channelName: t_JMS_ClientToServerQueue@router1, initialContext.close()
2877 [main] TRACE com.baxter.junit.BaxterTestCase  - connectToJMS(): channelName: t_JMS_ClientToServerQueue@router1, initialContext.close()
[2011-06-01 13:12:06,646][TRACE] - connectToJMS(): channelName: t_JMS_ClientToServerQueue@router1, createReceiver()
2877 [main] TRACE com.baxter.junit.BaxterTestCase  - connectToJMS(): channelName: t_JMS_ClientToServerQueue@router1, createReceiver()
2877 [main] TRACE com.baxter.junit.BaxterTestCase  - connectToJMS(): channelName: t_JMS_ClientToServerQueue@router1, createReceiver()
[2011-06-01 13:12:06,649][TRACE] - connectToJMS(): successfully connected...  alias: t_JMS_QueueAliasCTS providerURL: jnp://192.168.9.33:1099 channelName: t_JMS_ClientToServerQueue@router1 ackMode: 1 messageTimeToLive: 30000 deliveryMode: 1 isSender: false messageListener: null userName: null password: null
2880 [main] TRACE com.baxter.junit.BaxterTestCase  - connectToJMS(): successfully connected...  alias: t_JMS_QueueAliasCTS providerURL: jnp://192.168.9.33:1099 channelName: t_JMS_ClientToServerQueue@router1 ackMode: 1 messageTimeToLive: 30000 deliveryMode: 1 isSender: false messageListener: null userName: null password: null
2880 [main] TRACE com.baxter.junit.BaxterTestCase  - connectToJMS(): successfully connected...  alias: t_JMS_QueueAliasCTS providerURL: jnp://192.168.9.33:1099 channelName: t_JMS_ClientToServerQueue@router1 ackMode: 1 messageTimeToLive: 30000 deliveryMode: 1 isSender: false messageListener: null userName: null password: null
[2011-06-01 13:12:06,651][TRACE] - UserSession.UserSession(String, String, Logger, boolean):
messageSender: com.baxter.cdtradesupervisor.UserSession$MessageSenderObjectUpdaterThread@1a001ff userId: t General session
2882 [main] TRACE com.baxter.junit.BaxterTestCase  - UserSession.UserSession(String, String, Logger, boolean):
messageSender: com.baxter.cdtradesupervisor.UserSession$MessageSenderObjectUpdaterThread@1a001ff userId: t General session
2882 [main] TRACE com.baxter.junit.BaxterTestCase  - UserSession.UserSession(String, String, Logger, boolean):
messageSender: com.baxter.cdtradesupervisor.UserSession$MessageSenderObjectUpdaterThread@1a001ff userId: t General session
[2011-06-01 13:12:06,651][TRACE] - ObjectUpdaterThread.run() threadName: MessageSender Start waiting... ListUpdated: false
2882 [MessageSender] TRACE com.baxter.junit.BaxterTestCase  - ObjectUpdaterThread.run() threadName: MessageSender Start waiting... ListUpdated: false
2882 [MessageSender] TRACE com.baxter.junit.BaxterTestCase  - ObjectUpdaterThread.run() threadName: MessageSender Start waiting... ListUpdated: false
[2011-06-01 13:12:06,652][TRACE] - ObjectUpdaterThread.run() threadName: MessageReceiver Start waiting... ListUpdated: false
2883 [MessageReceiver] TRACE com.baxter.junit.BaxterTestCase  - ObjectUpdaterThread.run() threadName: MessageReceiver Start waiting... ListUpdated: false
2883 [MessageReceiver] TRACE com.baxter.junit.BaxterTestCase  - ObjectUpdaterThread.run() threadName: MessageReceiver Start waiting... ListUpdated: false
[2011-06-01 13:12:06,653][DEBUG] - UserSession.sendMessage(): messageSender: com.baxter.cdtradesupervisor.UserSession$MessageSenderObjectUpdaterThread@1a001ff userId: t General session
2884 [main] DEBUG com.baxter.junit.BaxterTestCase  - UserSession.sendMessage(): messageSender: com.baxter.cdtradesupervisor.UserSession$MessageSenderObjectUpdaterThread@1a001ff userId: t General session
2884 [main] DEBUG com.baxter.junit.BaxterTestCase  - UserSession.sendMessage(): messageSender: com.baxter.cdtradesupervisor.UserSession$MessageSenderObjectUpdaterThread@1a001ff userId: t General session
[2011-06-01 13:12:06,653][TRACE] - ObjectUpdaterThread.addNewObjectToList() is invoked... threadName: MessageSender userId: t General session isClearingList: false isWaiting: true
2884 [main] TRACE com.baxter.junit.BaxterTestCase  - ObjectUpdaterThread.addNewObjectToList() is invoked... threadName: MessageSender userId: t General session isClearingList: false isWaiting: true
2884 [main] TRACE com.baxter.junit.BaxterTestCase  - ObjectUpdaterThread.addNewObjectToList() is invoked... threadName: MessageSender userId: t General session isClearingList: false isWaiting: true
[2011-06-01 13:12:06,653][TRACE] - ObjectUpdaterThread.addNewObjectToList(): notify invoked! listUpdated: true
2884 [main] TRACE com.baxter.junit.BaxterTestCase  - ObjectUpdaterThread.addNewObjectToList(): notify invoked! listUpdated: true
2884 [main] TRACE com.baxter.junit.BaxterTestCase  - ObjectUpdaterThread.addNewObjectToList(): notify invoked! listUpdated: true
[2011-06-01 13:12:06,653][TRACE] - ObjectUpdaterThread.run() threadName: MessageSender userId: t General session objectUpdates.size: 0
2884 [MessageSender userId: t General session] TRACE com.baxter.junit.BaxterTestCase  - ObjectUpdaterThread.run() threadName: MessageSender userId: t General session objectUpdates.size: 0
2884 [MessageSender userId: t General session] TRACE com.baxter.junit.BaxterTestCase  - ObjectUpdaterThread.run() threadName: MessageSender userId: t General session objectUpdates.size: 0
[2011-06-01 13:12:06,653][TRACE] - ObjectUpdaterThread.addNewObjectToList() finished... threadName: MessageSender userId: t General session isClearingList: false isWaiting: false processTime: 0
2884 [main] TRACE com.baxter.junit.BaxterTestCase  - ObjectUpdaterThread.addNewObjectToList() finished... threadName: MessageSender userId: t General session isClearingList: false isWaiting: false processTime: 0
2884 [main] TRACE com.baxter.junit.BaxterTestCase  - ObjectUpdaterThread.addNewObjectToList() finished... threadName: MessageSender userId: t General session isClearingList: false isWaiting: false processTime: 0
[2011-06-01 13:12:06,664][TRACE] - UserSession.MessageSenderObjectUpdaterThread.processObject() message sent: Heartbeat message: TimeStamp: 1306926726653 SeqNumber: 1  userId: t General session
2895 [MessageSender userId: t General session] TRACE com.baxter.junit.BaxterTestCase  - UserSession.MessageSenderObjectUpdaterThread.processObject() message sent: Heartbeat message: TimeStamp: 1306926726653 SeqNumber: 1  userId: t General session
2895 [MessageSender userId: t General session] TRACE com.baxter.junit.BaxterTestCase  - UserSession.MessageSenderObjectUpdaterThread.processObject() message sent: Heartbeat message: TimeStamp: 1306926726653 SeqNumber: 1  userId: t General session
[2011-06-01 13:12:06,664][TRACE] - ObjectUpdaterThread.run() threadName: MessageSender userId: t General session Start waiting... ListUpdated: false
2895 [MessageSender userId: t General session] TRACE com.baxter.junit.BaxterTestCase  - ObjectUpdaterThread.run() threadName: MessageSender userId: t General session Start waiting... ListUpdated: false
2895 [MessageSender userId: t General session] TRACE com.baxter.junit.BaxterTestCase  - ObjectUpdaterThread.run() threadName: MessageSender userId: t General session Start waiting... ListUpdated: false
[2011-06-01 13:12:08,654][DEBUG] - UserSession.shutdown(): shutdown invoked. userId: t General session
4885 [main] DEBUG com.baxter.junit.BaxterTestCase  - UserSession.shutdown(): shutdown invoked. userId: t General session
4885 [main] DEBUG com.baxter.junit.BaxterTestCase  - UserSession.shutdown(): shutdown invoked. userId: t General session
[2011-06-01 13:12:08,654][DEBUG] - ObjectUpdaterThread.stopService() is invoked... threadName: MessageReceiver userId: t General session
4885 [main] DEBUG com.baxter.junit.BaxterTestCase  - ObjectUpdaterThread.stopService() is invoked... threadName: MessageReceiver userId: t General session
4885 [main] DEBUG com.baxter.junit.BaxterTestCase  - ObjectUpdaterThread.stopService() is invoked... threadName: MessageReceiver userId: t General session
[2011-06-01 13:12:08,655][INFO] - ObjectUpdaterThread.run(): threadName: MessageReceiver userId: t General session method run ended...
4886 [MessageReceiver userId: t General session] INFO com.baxter.junit.BaxterTestCase  - ObjectUpdaterThread.run(): threadName: MessageReceiver userId: t General session method run ended...
4886 [MessageReceiver userId: t General session] INFO com.baxter.junit.BaxterTestCase  - ObjectUpdaterThread.run(): threadName: MessageReceiver userId: t General session method run ended...
[2011-06-01 13:12:08,655][DEBUG] - ObjectUpdaterThread.stopService() is invoked... threadName: MessageSender userId: t General session
4886 [main] DEBUG com.baxter.junit.BaxterTestCase  - ObjectUpdaterThread.stopService() is invoked... threadName: MessageSender userId: t General session
4886 [main] DEBUG com.baxter.junit.BaxterTestCase  - ObjectUpdaterThread.stopService() is invoked... threadName: MessageSender userId: t General session
[2011-06-01 13:12:08,655][INFO] - ObjectUpdaterThread.run(): threadName: MessageSender userId: t General session method run ended...
4886 [MessageSender userId: t General session] INFO com.baxter.junit.BaxterTestCase  - ObjectUpdaterThread.run(): threadName: MessageSender userId: t General session method run ended...
4886 [MessageSender userId: t General session] INFO com.baxter.junit.BaxterTestCase  - ObjectUpdaterThread.run(): threadName: MessageSender userId: t General session method run ended...
[2011-06-01 13:12:08,655][TRACE] - removeChannel(): alias: t_client_JMS_QueueAliasSTC
4886 [main] TRACE com.baxter.junit.BaxterTestCase  - removeChannel(): alias: t_client_JMS_QueueAliasSTC
4886 [main] TRACE com.baxter.junit.BaxterTestCase  - removeChannel(): alias: t_client_JMS_QueueAliasSTC
[2011-06-01 13:12:08,663][DEBUG] - disconnectFromJMS(): receiver closed. alias: t_client_JMS_QueueAliasSTC
4894 [main] DEBUG com.baxter.junit.BaxterTestCase  - disconnectFromJMS(): receiver closed. alias: t_client_JMS_QueueAliasSTC
4894 [main] DEBUG com.baxter.junit.BaxterTestCase  - disconnectFromJMS(): receiver closed. alias: t_client_JMS_QueueAliasSTC
[2011-06-01 13:12:08,666][DEBUG] - disconnectFromJMS(): session closed. alias: t_client_JMS_QueueAliasSTC
4897 [main] DEBUG com.baxter.junit.BaxterTestCase  - disconnectFromJMS(): session closed. alias: t_client_JMS_QueueAliasSTC
4897 [main] DEBUG com.baxter.junit.BaxterTestCase  - disconnectFromJMS(): session closed. alias: t_client_JMS_QueueAliasSTC
[2011-06-01 13:12:08,684][DEBUG] - disconnectFromJMS(): connection closed. alias: t_client_JMS_QueueAliasSTC
4915 [main] DEBUG com.baxter.junit.BaxterTestCase  - disconnectFromJMS(): connection closed. alias: t_client_JMS_QueueAliasSTC
4915 [main] DEBUG com.baxter.junit.BaxterTestCase  - disconnectFromJMS(): connection closed. alias: t_client_JMS_QueueAliasSTC
[2011-06-01 13:12:08,684][TRACE] - removeChannel(): alias: t_client_JMS_QueueAliasCTS
4915 [main] TRACE com.baxter.junit.BaxterTestCase  - removeChannel(): alias: t_client_JMS_QueueAliasCTS
4915 [main] TRACE com.baxter.junit.BaxterTestCase  - removeChannel(): alias: t_client_JMS_QueueAliasCTS
[2011-06-01 13:12:08,685][DEBUG] - disconnectFromJMS(): session closed. alias: t_client_JMS_QueueAliasCTS
4916 [main] DEBUG com.baxter.junit.BaxterTestCase  - disconnectFromJMS(): session closed. alias: t_client_JMS_QueueAliasCTS
4916 [main] DEBUG com.baxter.junit.BaxterTestCase  - disconnectFromJMS(): session closed. alias: t_client_JMS_QueueAliasCTS
[2011-06-01 13:12:08,688][DEBUG] - disconnectFromJMS(): connection closed. alias: t_client_JMS_QueueAliasCTS
4919 [main] DEBUG com.baxter.junit.BaxterTestCase  - disconnectFromJMS(): connection closed. alias: t_client_JMS_QueueAliasCTS
4919 [main] DEBUG com.baxter.junit.BaxterTestCase  - disconnectFromJMS(): connection closed. alias: t_client_JMS_QueueAliasCTS
[2011-06-01 13:12:08,690][DEBUG] - GeneralServerUserSession.shutdown() udpMessageSender is shutting down. userId: t General session
4921 [main] DEBUG com.baxter.junit.BaxterTestCase  - GeneralServerUserSession.shutdown() udpMessageSender is shutting down. userId: t General session
4921 [main] DEBUG com.baxter.junit.BaxterTestCase  - GeneralServerUserSession.shutdown() udpMessageSender is shutting down. userId: t General session
[2011-06-01 13:12:08,691][DEBUG] - UserSession.shutdown(): shutdown invoked. userId: t General session
4922 [main] DEBUG com.baxter.junit.BaxterTestCase  - UserSession.shutdown(): shutdown invoked. userId: t General session
4922 [main] DEBUG com.baxter.junit.BaxterTestCase  - UserSession.shutdown(): shutdown invoked. userId: t General session
[2011-06-01 13:12:08,691][DEBUG] - ObjectUpdaterThread.stopService() is invoked... threadName: MessageReceiver userId: t General session
4922 [main] DEBUG com.baxter.junit.BaxterTestCase  - ObjectUpdaterThread.stopService() is invoked... threadName: MessageReceiver userId: t General session
4922 [main] DEBUG com.baxter.junit.BaxterTestCase  - ObjectUpdaterThread.stopService() is invoked... threadName: MessageReceiver userId: t General session
[2011-06-01 13:12:08,691][INFO] - ObjectUpdaterThread.run(): threadName: MessageReceiver userId: t General session method run ended...
4922 [MessageReceiver userId: t General session] INFO com.baxter.junit.BaxterTestCase  - ObjectUpdaterThread.run(): threadName: MessageReceiver userId: t General session method run ended...
4922 [MessageReceiver userId: t General session] INFO com.baxter.junit.BaxterTestCase  - ObjectUpdaterThread.run(): threadName: MessageReceiver userId: t General session method run ended...
[2011-06-01 13:12:08,691][DEBUG] - ObjectUpdaterThread.stopService() is invoked... threadName: MessageSender userId: t General session
4922 [main] DEBUG com.baxter.junit.BaxterTestCase  - ObjectUpdaterThread.stopService() is invoked... threadName: MessageSender userId: t General session
4922 [main] DEBUG com.baxter.junit.BaxterTestCase  - ObjectUpdaterThread.stopService() is invoked... threadName: MessageSender userId: t General session
[2011-06-01 13:12:08,692][INFO] - ObjectUpdaterThread.run(): threadName: MessageSender userId: t General session method run ended...
4923 [MessageSender userId: t General session] INFO com.baxter.junit.BaxterTestCase  - ObjectUpdaterThread.run(): threadName: MessageSender userId: t General session method run ended...
4923 [MessageSender userId: t General session] INFO com.baxter.junit.BaxterTestCase  - ObjectUpdaterThread.run(): threadName: MessageSender userId: t General session method run ended...
[2011-06-01 13:12:08,692][TRACE] - removeChannel(): alias: t_JMS_QueueAliasCTS
4923 [main] TRACE com.baxter.junit.BaxterTestCase  - removeChannel(): alias: t_JMS_QueueAliasCTS
4923 [main] TRACE com.baxter.junit.BaxterTestCase  - removeChannel(): alias: t_JMS_QueueAliasCTS
[2011-06-01 13:12:08,694][DEBUG] - disconnectFromJMS(): receiver closed. alias: t_JMS_QueueAliasCTS
4925 [main] DEBUG com.baxter.junit.BaxterTestCase  - disconnectFromJMS(): receiver closed. alias: t_JMS_QueueAliasCTS
4925 [main] DEBUG com.baxter.junit.BaxterTestCase  - disconnectFromJMS(): receiver closed. alias: t_JMS_QueueAliasCTS
[2011-06-01 13:12:08,695][DEBUG] - disconnectFromJMS(): session closed. alias: t_JMS_QueueAliasCTS
4926 [main] DEBUG com.baxter.junit.BaxterTestCase  - disconnectFromJMS(): session closed. alias: t_JMS_QueueAliasCTS
4926 [main] DEBUG com.baxter.junit.BaxterTestCase  - disconnectFromJMS(): session closed. alias: t_JMS_QueueAliasCTS
[2011-06-01 13:12:08,698][DEBUG] - disconnectFromJMS(): connection closed. alias: t_JMS_QueueAliasCTS
4929 [main] DEBUG com.baxter.junit.BaxterTestCase  - disconnectFromJMS(): connection closed. alias: t_JMS_QueueAliasCTS
4929 [main] DEBUG com.baxter.junit.BaxterTestCase  - disconnectFromJMS(): connection closed. alias: t_JMS_QueueAliasCTS
[2011-06-01 13:12:08,698][TRACE] - removeChannel(): alias: t_JMS_QueueAliasSTC
4929 [main] TRACE com.baxter.junit.BaxterTestCase  - removeChannel(): alias: t_JMS_QueueAliasSTC
4929 [main] TRACE com.baxter.junit.BaxterTestCase  - removeChannel(): alias: t_JMS_QueueAliasSTC
[2011-06-01 13:12:08,700][DEBUG] - disconnectFromJMS(): session closed. alias: t_JMS_QueueAliasSTC
4931 [main] DEBUG com.baxter.junit.BaxterTestCase  - disconnectFromJMS(): session closed. alias: t_JMS_QueueAliasSTC
4931 [main] DEBUG com.baxter.junit.BaxterTestCase  - disconnectFromJMS(): session closed. alias: t_JMS_QueueAliasSTC
[2011-06-01 13:12:08,703][DEBUG] - disconnectFromJMS(): connection closed. alias: t_JMS_QueueAliasSTC
4934 [main] DEBUG com.baxter.junit.BaxterTestCase  - disconnectFromJMS(): connection closed. alias: t_JMS_QueueAliasSTC
4934 [main] DEBUG com.baxter.junit.BaxterTestCase  - disconnectFromJMS(): connection closed. alias: t_JMS_QueueAliasSTC
[2011-06-01 13:12:08,703][DEBUG] - ObjectUpdaterThread.stopService() is invoked... threadName: com.baxter.cdtradesupervisor.UserSession$MessageReceiverObjectUpdaterThread
4934 [main] DEBUG com.baxter.junit.BaxterTestCase  - ObjectUpdaterThread.stopService() is invoked... threadName: com.baxter.cdtradesupervisor.UserSession$MessageReceiverObjectUpdaterThread
4934 [main] DEBUG com.baxter.junit.BaxterTestCase  - ObjectUpdaterThread.stopService() is invoked... threadName: com.baxter.cdtradesupervisor.UserSession$MessageReceiverObjectUpdaterThread
[2011-06-01 13:12:08,703][DEBUG] - ObjectUpdaterThread.stopService() is invoked... threadName: com.baxter.cdtradesupervisor.UserSession$MessageSenderObjectUpdaterThread
4934 [main] DEBUG com.baxter.junit.BaxterTestCase  - ObjectUpdaterThread.stopService() is invoked... threadName: com.baxter.cdtradesupervisor.UserSession$MessageSenderObjectUpdaterThread
4934 [main] DEBUG com.baxter.junit.BaxterTestCase  - ObjectUpdaterThread.stopService() is invoked... threadName: com.baxter.cdtradesupervisor.UserSession$MessageSenderObjectUpdaterThread
</system-out>
    <system-err>Converted relativePath: /conf/jms_JUnit.ini to: /store/jenkins/jobs/currency-dealing/workspace/target/test-classes/conf/jms_JUnit.iniConverted relativePath: /conf/jms_JUnit.ini to: /store/jenkins/jobs/currency-dealing/workspace/target/test-classes/conf/jms_JUnit.iniFailed to initalize plugin: org.jboss.logging.log4j.Log4jLoggerPlugin@e1d5ea, cause: java.lang.AbstractMethodError: org.jboss.logging.log4j.Log4jLoggerPlugin.getInstance(Ljava/lang/String;Ljava/lang/String;)Lorg/jboss/logging/LoggerPluginInstance;Failed to initalize plugin: org.jboss.logging.log4j.Log4jLoggerPlugin@698403, cause: java.lang.AbstractMethodError: org.jboss.logging.log4j.Log4jLoggerPlugin.getInstance(Ljava/lang/String;Ljava/lang/String;)Lorg/jboss/logging/LoggerPluginInstance;Converted relativePath: /conf/jms_JUnit.ini to: /store/jenkins/jobs/currency-dealing/workspace/target/test-classes/conf/jms_JUnit.ini</system-err>
  </testcase>
  <testcase time="0.035" classname="com.baxter.cdtradesupervisor.TestUserSession" name="testClientServerSessionGapFill">
    <failure message="expected:&lt;5&gt; but was:&lt;0&gt;" type="junit.framework.AssertionFailedError">junit.framework.AssertionFailedError: expected:&lt;5&gt; but was:&lt;0&gt;
	at junit.framework.Assert.fail(Assert.java:47)
	at junit.framework.Assert.failNotEquals(Assert.java:283)
	at junit.framework.Assert.assertEquals(Assert.java:64)
	at junit.framework.Assert.assertEquals(Assert.java:130)
	at junit.framework.Assert.assertEquals(Assert.java:136)
	at com.baxter.cdtradesupervisor.TestUserSession.testClientServerSessionGapFill(TestUserSession.java:584)
	at sun.reflect.NativeMethodAccessorImpl.invoke0(Native Method)
	at sun.reflect.NativeMethodAccessorImpl.invoke(NativeMethodAccessorImpl.java:39)
	at sun.reflect.DelegatingMethodAccessorImpl.invoke(DelegatingMethodAccessorImpl.java:25)
	at java.lang.reflect.Method.invoke(Method.java:597)
	at junit.framework.TestCase.runTest(TestCase.java:168)
	at junit.framework.TestCase.runBare(TestCase.java:134)
	at junit.framework.TestResult$1.protect(TestResult.java:110)
	at junit.framework.TestResult.runProtected(TestResult.java:128)
	at junit.framework.TestResult.run(TestResult.java:113)
	at junit.framework.TestCase.run(TestCase.java:124)
	at junit.framework.TestSuite.runTest(TestSuite.java:243)
	at junit.framework.TestSuite.run(TestSuite.java:238)
	at org.junit.internal.runners.JUnit38ClassRunner.run(JUnit38ClassRunner.java:83)
	at org.junit.runners.Suite.runChild(Suite.java:128)
	at org.junit.runners.Suite.runChild(Suite.java:24)
	at org.junit.runners.ParentRunner$3.run(ParentRunner.java:193)
	at org.junit.runners.ParentRunner$1.schedule(ParentRunner.java:52)
	at org.junit.runners.ParentRunner.runChildren(ParentRunner.java:191)
	at org.junit.runners.ParentRunner.access$000(ParentRunner.java:42)
	at org.junit.runners.ParentRunner$2.evaluate(ParentRunner.java:184)
	at org.junit.runners.ParentRunner.run(ParentRunner.java:236)
	at org.junit.runner.JUnitCore.run(JUnitCore.java:157)
	at org.junit.runner.JUnitCore.run(JUnitCore.java:136)
	at org.junit.runner.JUnitCore.run(JUnitCore.java:127)
	at org.apache.maven.surefire.junitcore.JUnitCoreWrapper.execute(JUnitCoreWrapper.java:52)
	at org.apache.maven.surefire.junitcore.JUnitCoreProvider.invoke(JUnitCoreProvider.java:109)
	at sun.reflect.NativeMethodAccessorImpl.invoke0(Native Method)
	at sun.reflect.NativeMethodAccessorImpl.invoke(NativeMethodAccessorImpl.java:39)
	at sun.reflect.DelegatingMethodAccessorImpl.invoke(DelegatingMethodAccessorImpl.java:25)
	at java.lang.reflect.Method.invoke(Method.java:597)
	at org.apache.maven.surefire.booter.ProviderFactory$ClassLoaderProxy.invoke(ProviderFactory.java:103)
	at $Proxy0.invoke(Unknown Source)
	at org.apache.maven.surefire.booter.SurefireStarter.invokeProvider(SurefireStarter.java:150)
	at org.apache.maven.surefire.booter.SurefireStarter.runSuitesInProcess(SurefireStarter.java:74)
	at org.apache.maven.surefire.booter.ForkedBooter.main(ForkedBooter.java:69)
</failure>
    <system-out>UserSession.UserSession() - hbSender: Thread[HeartBeatSender,5,main]MyUserSession: UserSession: userId:thbSender: Thread[HeartBeatSender,5,main][2011-06-01 13:12:08,728][DEBUG] - UserSession(): session is creating. userId: t General session
4959 [main] DEBUG com.baxter.junit.BaxterTestCase  - UserSession(): session is creating. userId: t General session
4959 [main] DEBUG com.baxter.junit.BaxterTestCase  - UserSession(): session is creating. userId: t General session
4959 [main] DEBUG com.baxter.junit.BaxterTestCase  - UserSession(): session is creating. userId: t General session
[2011-06-01 13:12:08,729][TRACE] - UserSession.UserSession(): MAX_ENTRIES_OF_MESSAGEHISTORY=100 JMS_HEARTBEAT_DELAY=5000 MAX_JMS_SESSION_STARTUP_DELAY=500 MAX_HEARTBEAT_TOLERANCE=5000 MAX_SIZE_OF_HOLD_UP_LIST=100 userId: t General session
4960 [main] TRACE com.baxter.junit.BaxterTestCase  - UserSession.UserSession(): MAX_ENTRIES_OF_MESSAGEHISTORY=100 JMS_HEARTBEAT_DELAY=5000 MAX_JMS_SESSION_STARTUP_DELAY=500 MAX_HEARTBEAT_TOLERANCE=5000 MAX_SIZE_OF_HOLD_UP_LIST=100 userId: t General session
4960 [main] TRACE com.baxter.junit.BaxterTestCase  - UserSession.UserSession(): MAX_ENTRIES_OF_MESSAGEHISTORY=100 JMS_HEARTBEAT_DELAY=5000 MAX_JMS_SESSION_STARTUP_DELAY=500 MAX_HEARTBEAT_TOLERANCE=5000 MAX_SIZE_OF_HOLD_UP_LIST=100 userId: t General session
4960 [main] TRACE com.baxter.junit.BaxterTestCase  - UserSession.UserSession(): MAX_ENTRIES_OF_MESSAGEHISTORY=100 JMS_HEARTBEAT_DELAY=5000 MAX_JMS_SESSION_STARTUP_DELAY=500 MAX_HEARTBEAT_TOLERANCE=5000 MAX_SIZE_OF_HOLD_UP_LIST=100 userId: t General session
[2011-06-01 13:12:08,729][TRACE] - UserSession.UserSession(): userListForSelector=[t] userId: t General session
4960 [main] TRACE com.baxter.junit.BaxterTestCase  - UserSession.UserSession(): userListForSelector=[t] userId: t General session
4960 [main] TRACE com.baxter.junit.BaxterTestCase  - UserSession.UserSession(): userListForSelector=[t] userId: t General session
4960 [main] TRACE com.baxter.junit.BaxterTestCase  - UserSession.UserSession(): userListForSelector=[t] userId: t General session
[2011-06-01 13:12:08,729][DEBUG] - GeneralClientUserSession.setupJMS() is invoked. userId: t General session
4960 [main] DEBUG com.baxter.junit.BaxterTestCase  - GeneralClientUserSession.setupJMS() is invoked. userId: t General session
4960 [main] DEBUG com.baxter.junit.BaxterTestCase  - GeneralClientUserSession.setupJMS() is invoked. userId: t General session
4960 [main] DEBUG com.baxter.junit.BaxterTestCase  - GeneralClientUserSession.setupJMS() is invoked. userId: t General session
[2011-06-01 13:12:08,731][DEBUG] - GeneralClientUserSession.setupJMS() providerURL: jnp://192.168.9.33:1099
		contextFactory: org.jnp.interfaces.NamingContextFactory
		queueFactoryName: /ConnectionFactory
		JMS_ServerToClientQueue: t_JMS_ServerToClientQueue@router1
		JMS_ClientToServerQueue: t_JMS_ClientToServerQueue@router1
		timeToLive: 30000
		queueAliasForSending: t_client_JMS_QueueAliasCTS
		qqueueAliasForReceiving: t_client_JMS_QueueAliasSTC userId: t General session
4962 [main] DEBUG com.baxter.junit.BaxterTestCase  - GeneralClientUserSession.setupJMS() providerURL: jnp://192.168.9.33:1099
		contextFactory: org.jnp.interfaces.NamingContextFactory
		queueFactoryName: /ConnectionFactory
		JMS_ServerToClientQueue: t_JMS_ServerToClientQueue@router1
		JMS_ClientToServerQueue: t_JMS_ClientToServerQueue@router1
		timeToLive: 30000
		queueAliasForSending: t_client_JMS_QueueAliasCTS
		qqueueAliasForReceiving: t_client_JMS_QueueAliasSTC userId: t General session
4962 [main] DEBUG com.baxter.junit.BaxterTestCase  - GeneralClientUserSession.setupJMS() providerURL: jnp://192.168.9.33:1099
		contextFactory: org.jnp.interfaces.NamingContextFactory
		queueFactoryName: /ConnectionFactory
		JMS_ServerToClientQueue: t_JMS_ServerToClientQueue@router1
		JMS_ClientToServerQueue: t_JMS_ClientToServerQueue@router1
		timeToLive: 30000
		queueAliasForSending: t_client_JMS_QueueAliasCTS
		qqueueAliasForReceiving: t_client_JMS_QueueAliasSTC userId: t General session
4962 [main] DEBUG com.baxter.junit.BaxterTestCase  - GeneralClientUserSession.setupJMS() providerURL: jnp://192.168.9.33:1099
		contextFactory: org.jnp.interfaces.NamingContextFactory
		queueFactoryName: /ConnectionFactory
		JMS_ServerToClientQueue: t_JMS_ServerToClientQueue@router1
		JMS_ClientToServerQueue: t_JMS_ClientToServerQueue@router1
		timeToLive: 30000
		queueAliasForSending: t_client_JMS_QueueAliasCTS
		qqueueAliasForReceiving: t_client_JMS_QueueAliasSTC userId: t General session
[2011-06-01 13:12:08,731][TRACE] - getInitialContext(): providerURL: jnp://192.168.9.33:1099 INITIAL_CONTEXT_FACTORY: org.jnp.interfaces.NamingContextFactory
4962 [main] TRACE com.baxter.junit.BaxterTestCase  - getInitialContext(): providerURL: jnp://192.168.9.33:1099 INITIAL_CONTEXT_FACTORY: org.jnp.interfaces.NamingContextFactory
4962 [main] TRACE com.baxter.junit.BaxterTestCase  - getInitialContext(): providerURL: jnp://192.168.9.33:1099 INITIAL_CONTEXT_FACTORY: org.jnp.interfaces.NamingContextFactory
4962 [main] TRACE com.baxter.junit.BaxterTestCase  - getInitialContext(): providerURL: jnp://192.168.9.33:1099 INITIAL_CONTEXT_FACTORY: org.jnp.interfaces.NamingContextFactory
[2011-06-01 13:12:08,732][TRACE] - connectToJMS(): channelName: t_JMS_ServerToClientQueue@router1, lookup QUEUE_CONNECTION_FACTORY: /ConnectionFactory
4963 [main] TRACE com.baxter.junit.BaxterTestCase  - connectToJMS(): channelName: t_JMS_ServerToClientQueue@router1, lookup QUEUE_CONNECTION_FACTORY: /ConnectionFactory
4963 [main] TRACE com.baxter.junit.BaxterTestCase  - connectToJMS(): channelName: t_JMS_ServerToClientQueue@router1, lookup QUEUE_CONNECTION_FACTORY: /ConnectionFactory
4963 [main] TRACE com.baxter.junit.BaxterTestCase  - connectToJMS(): channelName: t_JMS_ServerToClientQueue@router1, lookup QUEUE_CONNECTION_FACTORY: /ConnectionFactory
[2011-06-01 13:12:08,739][TRACE] - connectToJMS(): channelName: t_JMS_ServerToClientQueue@router1, createQueueConnection()
4970 [main] TRACE com.baxter.junit.BaxterTestCase  - connectToJMS(): channelName: t_JMS_ServerToClientQueue@router1, createQueueConnection()
4970 [main] TRACE com.baxter.junit.BaxterTestCase  - connectToJMS(): channelName: t_JMS_ServerToClientQueue@router1, createQueueConnection()
4970 [main] TRACE com.baxter.junit.BaxterTestCase  - connectToJMS(): channelName: t_JMS_ServerToClientQueue@router1, createQueueConnection()
[2011-06-01 13:12:08,739][TRACE] - connectToJMS(): channelName: t_JMS_ServerToClientQueue@router1, createTopicConnection()
4970 [main] TRACE com.baxter.junit.BaxterTestCase  - connectToJMS(): channelName: t_JMS_ServerToClientQueue@router1, createTopicConnection()
4970 [main] TRACE com.baxter.junit.BaxterTestCase  - connectToJMS(): channelName: t_JMS_ServerToClientQueue@router1, createTopicConnection()
4970 [main] TRACE com.baxter.junit.BaxterTestCase  - connectToJMS(): channelName: t_JMS_ServerToClientQueue@router1, createTopicConnection()
[2011-06-01 13:12:08,753][TRACE] - connectToJMS(): channelName: t_JMS_ServerToClientQueue@router1, setExceptionListener()
4984 [main] TRACE com.baxter.junit.BaxterTestCase  - connectToJMS(): channelName: t_JMS_ServerToClientQueue@router1, setExceptionListener()
4984 [main] TRACE com.baxter.junit.BaxterTestCase  - connectToJMS(): channelName: t_JMS_ServerToClientQueue@router1, setExceptionListener()
4984 [main] TRACE com.baxter.junit.BaxterTestCase  - connectToJMS(): channelName: t_JMS_ServerToClientQueue@router1, setExceptionListener()
[2011-06-01 13:12:08,753][TRACE] - connectToJMS(): channelName: t_JMS_ServerToClientQueue@router1, createQueueSession()
4984 [main] TRACE com.baxter.junit.BaxterTestCase  - connectToJMS(): channelName: t_JMS_ServerToClientQueue@router1, createQueueSession()
4984 [main] TRACE com.baxter.junit.BaxterTestCase  - connectToJMS(): channelName: t_JMS_ServerToClientQueue@router1, createQueueSession()
4984 [main] TRACE com.baxter.junit.BaxterTestCase  - connectToJMS(): channelName: t_JMS_ServerToClientQueue@router1, createQueueSession()
[2011-06-01 13:12:08,755][TRACE] - connectToJMS(): channelName: t_JMS_ServerToClientQueue@router1, lookup channelName: t_JMS_ServerToClientQueue@router1
4986 [main] TRACE com.baxter.junit.BaxterTestCase  - connectToJMS(): channelName: t_JMS_ServerToClientQueue@router1, lookup channelName: t_JMS_ServerToClientQueue@router1
4986 [main] TRACE com.baxter.junit.BaxterTestCase  - connectToJMS(): channelName: t_JMS_ServerToClientQueue@router1, lookup channelName: t_JMS_ServerToClientQueue@router1
4986 [main] TRACE com.baxter.junit.BaxterTestCase  - connectToJMS(): channelName: t_JMS_ServerToClientQueue@router1, lookup channelName: t_JMS_ServerToClientQueue@router1
[2011-06-01 13:12:08,760][TRACE] - connectToJMS(): channelName: t_JMS_ServerToClientQueue@router1, initialContext.close()
4991 [main] TRACE com.baxter.junit.BaxterTestCase  - connectToJMS(): channelName: t_JMS_ServerToClientQueue@router1, initialContext.close()
4991 [main] TRACE com.baxter.junit.BaxterTestCase  - connectToJMS(): channelName: t_JMS_ServerToClientQueue@router1, initialContext.close()
4991 [main] TRACE com.baxter.junit.BaxterTestCase  - connectToJMS(): channelName: t_JMS_ServerToClientQueue@router1, initialContext.close()
[2011-06-01 13:12:08,761][TRACE] - connectToJMS(): channelName: t_JMS_ServerToClientQueue@router1, createReceiver()
4992 [main] TRACE com.baxter.junit.BaxterTestCase  - connectToJMS(): channelName: t_JMS_ServerToClientQueue@router1, createReceiver()
4992 [main] TRACE com.baxter.junit.BaxterTestCase  - connectToJMS(): channelName: t_JMS_ServerToClientQueue@router1, createReceiver()
4992 [main] TRACE com.baxter.junit.BaxterTestCase  - connectToJMS(): channelName: t_JMS_ServerToClientQueue@router1, createReceiver()
[2011-06-01 13:12:08,764][TRACE] - connectToJMS(): successfully connected...  alias: t_client_JMS_QueueAliasSTC providerURL: jnp://192.168.9.33:1099 channelName: t_JMS_ServerToClientQueue@router1 ackMode: 1 messageTimeToLive: 30000 deliveryMode: 1 isSender: false messageListener: null userName: null password: null
4995 [main] TRACE com.baxter.junit.BaxterTestCase  - connectToJMS(): successfully connected...  alias: t_client_JMS_QueueAliasSTC providerURL: jnp://192.168.9.33:1099 channelName: t_JMS_ServerToClientQueue@router1 ackMode: 1 messageTimeToLive: 30000 deliveryMode: 1 isSender: false messageListener: null userName: null password: null
4995 [main] TRACE com.baxter.junit.BaxterTestCase  - connectToJMS(): successfully connected...  alias: t_client_JMS_QueueAliasSTC providerURL: jnp://192.168.9.33:1099 channelName: t_JMS_ServerToClientQueue@router1 ackMode: 1 messageTimeToLive: 30000 deliveryMode: 1 isSender: false messageListener: null userName: null password: null
4995 [main] TRACE com.baxter.junit.BaxterTestCase  - connectToJMS(): successfully connected...  alias: t_client_JMS_QueueAliasSTC providerURL: jnp://192.168.9.33:1099 channelName: t_JMS_ServerToClientQueue@router1 ackMode: 1 messageTimeToLive: 30000 deliveryMode: 1 isSender: false messageListener: null userName: null password: null
[2011-06-01 13:12:08,764][TRACE] - getInitialContext(): providerURL: jnp://192.168.9.33:1099 INITIAL_CONTEXT_FACTORY: org.jnp.interfaces.NamingContextFactory
4995 [main] TRACE com.baxter.junit.BaxterTestCase  - getInitialContext(): providerURL: jnp://192.168.9.33:1099 INITIAL_CONTEXT_FACTORY: org.jnp.interfaces.NamingContextFactory
4995 [main] TRACE com.baxter.junit.BaxterTestCase  - getInitialContext(): providerURL: jnp://192.168.9.33:1099 INITIAL_CONTEXT_FACTORY: org.jnp.interfaces.NamingContextFactory
4995 [main] TRACE com.baxter.junit.BaxterTestCase  - getInitialContext(): providerURL: jnp://192.168.9.33:1099 INITIAL_CONTEXT_FACTORY: org.jnp.interfaces.NamingContextFactory
[2011-06-01 13:12:08,765][TRACE] - connectToJMS(): channelName: t_JMS_ClientToServerQueue@router1, lookup QUEUE_CONNECTION_FACTORY: /ConnectionFactory
4996 [main] TRACE com.baxter.junit.BaxterTestCase  - connectToJMS(): channelName: t_JMS_ClientToServerQueue@router1, lookup QUEUE_CONNECTION_FACTORY: /ConnectionFactory
4996 [main] TRACE com.baxter.junit.BaxterTestCase  - connectToJMS(): channelName: t_JMS_ClientToServerQueue@router1, lookup QUEUE_CONNECTION_FACTORY: /ConnectionFactory
4996 [main] TRACE com.baxter.junit.BaxterTestCase  - connectToJMS(): channelName: t_JMS_ClientToServerQueue@router1, lookup QUEUE_CONNECTION_FACTORY: /ConnectionFactory
[2011-06-01 13:12:08,765][TRACE] - ContextWatchThread.run(): initialContext OK...
4996 [Thread-37] TRACE com.baxter.junit.BaxterTestCase  - ContextWatchThread.run(): initialContext OK...
4996 [Thread-37] TRACE com.baxter.junit.BaxterTestCase  - ContextWatchThread.run(): initialContext OK...
4996 [Thread-37] TRACE com.baxter.junit.BaxterTestCase  - ContextWatchThread.run(): initialContext OK...
[2011-06-01 13:12:08,774][TRACE] - connectToJMS(): channelName: t_JMS_ClientToServerQueue@router1, createQueueConnection()
5005 [main] TRACE com.baxter.junit.BaxterTestCase  - connectToJMS(): channelName: t_JMS_ClientToServerQueue@router1, createQueueConnection()
5005 [main] TRACE com.baxter.junit.BaxterTestCase  - connectToJMS(): channelName: t_JMS_ClientToServerQueue@router1, createQueueConnection()
5005 [main] TRACE com.baxter.junit.BaxterTestCase  - connectToJMS(): channelName: t_JMS_ClientToServerQueue@router1, createQueueConnection()
[2011-06-01 13:12:08,774][TRACE] - connectToJMS(): channelName: t_JMS_ClientToServerQueue@router1, createTopicConnection()
5005 [main] TRACE com.baxter.junit.BaxterTestCase  - connectToJMS(): channelName: t_JMS_ClientToServerQueue@router1, createTopicConnection()
5005 [main] TRACE com.baxter.junit.BaxterTestCase  - connectToJMS(): channelName: t_JMS_ClientToServerQueue@router1, createTopicConnection()
5005 [main] TRACE com.baxter.junit.BaxterTestCase  - connectToJMS(): channelName: t_JMS_ClientToServerQueue@router1, createTopicConnection()
[2011-06-01 13:12:08,786][TRACE] - connectToJMS(): channelName: t_JMS_ClientToServerQueue@router1, setExceptionListener()
5017 [main] TRACE com.baxter.junit.BaxterTestCase  - connectToJMS(): channelName: t_JMS_ClientToServerQueue@router1, setExceptionListener()
5017 [main] TRACE com.baxter.junit.BaxterTestCase  - connectToJMS(): channelName: t_JMS_ClientToServerQueue@router1, setExceptionListener()
5017 [main] TRACE com.baxter.junit.BaxterTestCase  - connectToJMS(): channelName: t_JMS_ClientToServerQueue@router1, setExceptionListener()
[2011-06-01 13:12:08,786][TRACE] - connectToJMS(): channelName: t_JMS_ClientToServerQueue@router1, createQueueSession()
5017 [main] TRACE com.baxter.junit.BaxterTestCase  - connectToJMS(): channelName: t_JMS_ClientToServerQueue@router1, createQueueSession()
5017 [main] TRACE com.baxter.junit.BaxterTestCase  - connectToJMS(): channelName: t_JMS_ClientToServerQueue@router1, createQueueSession()
5017 [main] TRACE com.baxter.junit.BaxterTestCase  - connectToJMS(): channelName: t_JMS_ClientToServerQueue@router1, createQueueSession()
[2011-06-01 13:12:08,788][TRACE] - connectToJMS(): channelName: t_JMS_ClientToServerQueue@router1, lookup channelName: t_JMS_ClientToServerQueue@router1
5019 [main] TRACE com.baxter.junit.BaxterTestCase  - connectToJMS(): channelName: t_JMS_ClientToServerQueue@router1, lookup channelName: t_JMS_ClientToServerQueue@router1
5019 [main] TRACE com.baxter.junit.BaxterTestCase  - connectToJMS(): channelName: t_JMS_ClientToServerQueue@router1, lookup channelName: t_JMS_ClientToServerQueue@router1
5019 [main] TRACE com.baxter.junit.BaxterTestCase  - connectToJMS(): channelName: t_JMS_ClientToServerQueue@router1, lookup channelName: t_JMS_ClientToServerQueue@router1
[2011-06-01 13:12:08,792][TRACE] - connectToJMS(): channelName: t_JMS_ClientToServerQueue@router1, initialContext.close()
5023 [main] TRACE com.baxter.junit.BaxterTestCase  - connectToJMS(): channelName: t_JMS_ClientToServerQueue@router1, initialContext.close()
5023 [main] TRACE com.baxter.junit.BaxterTestCase  - connectToJMS(): channelName: t_JMS_ClientToServerQueue@router1, initialContext.close()
5023 [main] TRACE com.baxter.junit.BaxterTestCase  - connectToJMS(): channelName: t_JMS_ClientToServerQueue@router1, initialContext.close()
[2011-06-01 13:12:08,793][TRACE] - connectToJMS(): channelName: t_JMS_ClientToServerQueue@router1, createSender()
5024 [main] TRACE com.baxter.junit.BaxterTestCase  - connectToJMS(): channelName: t_JMS_ClientToServerQueue@router1, createSender()
5024 [main] TRACE com.baxter.junit.BaxterTestCase  - connectToJMS(): channelName: t_JMS_ClientToServerQueue@router1, createSender()
5024 [main] TRACE com.baxter.junit.BaxterTestCase  - connectToJMS(): channelName: t_JMS_ClientToServerQueue@router1, createSender()
[2011-06-01 13:12:08,794][TRACE] - connectToJMS(): successfully connected...  alias: t_client_JMS_QueueAliasCTS providerURL: jnp://192.168.9.33:1099 channelName: t_JMS_ClientToServerQueue@router1 ackMode: 1 messageTimeToLive: 30000 deliveryMode: 1 isSender: true messageListener: null userName: null password: null
5025 [main] TRACE com.baxter.junit.BaxterTestCase  - connectToJMS(): successfully connected...  alias: t_client_JMS_QueueAliasCTS providerURL: jnp://192.168.9.33:1099 channelName: t_JMS_ClientToServerQueue@router1 ackMode: 1 messageTimeToLive: 30000 deliveryMode: 1 isSender: true messageListener: null userName: null password: null
5025 [main] TRACE com.baxter.junit.BaxterTestCase  - connectToJMS(): successfully connected...  alias: t_client_JMS_QueueAliasCTS providerURL: jnp://192.168.9.33:1099 channelName: t_JMS_ClientToServerQueue@router1 ackMode: 1 messageTimeToLive: 30000 deliveryMode: 1 isSender: true messageListener: null userName: null password: null
5025 [main] TRACE com.baxter.junit.BaxterTestCase  - connectToJMS(): successfully connected...  alias: t_client_JMS_QueueAliasCTS providerURL: jnp://192.168.9.33:1099 channelName: t_JMS_ClientToServerQueue@router1 ackMode: 1 messageTimeToLive: 30000 deliveryMode: 1 isSender: true messageListener: null userName: null password: null
[2011-06-01 13:12:08,798][TRACE] - UserSession.UserSession(String, String, Logger, boolean):
messageSender: com.baxter.cdtradesupervisor.UserSession$MessageSenderObjectUpdaterThread@56860b userId: t General session
5029 [main] TRACE com.baxter.junit.BaxterTestCase  - UserSession.UserSession(String, String, Logger, boolean):
messageSender: com.baxter.cdtradesupervisor.UserSession$MessageSenderObjectUpdaterThread@56860b userId: t General session
5029 [main] TRACE com.baxter.junit.BaxterTestCase  - UserSession.UserSession(String, String, Logger, boolean):
messageSender: com.baxter.cdtradesupervisor.UserSession$MessageSenderObjectUpdaterThread@56860b userId: t General session
5029 [main] TRACE com.baxter.junit.BaxterTestCase  - UserSession.UserSession(String, String, Logger, boolean):
messageSender: com.baxter.cdtradesupervisor.UserSession$MessageSenderObjectUpdaterThread@56860b userId: t General session
[2011-06-01 13:12:08,798][TRACE] - ObjectUpdaterThread.run() threadName: MessageSender Start waiting... ListUpdated: false
5029 [MessageSender] TRACE com.baxter.junit.BaxterTestCase  - ObjectUpdaterThread.run() threadName: MessageSender Start waiting... ListUpdated: false
5029 [MessageSender] TRACE com.baxter.junit.BaxterTestCase  - ObjectUpdaterThread.run() threadName: MessageSender Start waiting... ListUpdated: false
5029 [MessageSender] TRACE com.baxter.junit.BaxterTestCase  - ObjectUpdaterThread.run() threadName: MessageSender Start waiting... ListUpdated: false
[2011-06-01 13:12:08,804][TRACE] - parameter read from /store/jenkins/jobs/currency-dealing/workspace/target/test-classes/conf/JUnit.ini: HEARTBEAT_MISSEDTHRESHOLD_RED_MSG: Network connection is unstable.
5035 [main] TRACE com.baxter.junit.BaxterTestCase  - parameter read from /store/jenkins/jobs/currency-dealing/workspace/target/test-classes/conf/JUnit.ini: HEARTBEAT_MISSEDTHRESHOLD_RED_MSG: Network connection is unstable.
5035 [main] TRACE com.baxter.junit.BaxterTestCase  - parameter read from /store/jenkins/jobs/currency-dealing/workspace/target/test-classes/conf/JUnit.ini: HEARTBEAT_MISSEDTHRESHOLD_RED_MSG: Network connection is unstable.
5035 [main] TRACE com.baxter.junit.BaxterTestCase  - parameter read from /store/jenkins/jobs/currency-dealing/workspace/target/test-classes/conf/JUnit.ini: HEARTBEAT_MISSEDTHRESHOLD_RED_MSG: Network connection is unstable.
[2011-06-01 13:12:08,804][TRACE] - ObjectUpdaterThread.run() threadName: MessageReceiver Start waiting... ListUpdated: false
5035 [MessageReceiver] TRACE com.baxter.junit.BaxterTestCase  - ObjectUpdaterThread.run() threadName: MessageReceiver Start waiting... ListUpdated: false
5035 [MessageReceiver] TRACE com.baxter.junit.BaxterTestCase  - ObjectUpdaterThread.run() threadName: MessageReceiver Start waiting... ListUpdated: false
5035 [MessageReceiver] TRACE com.baxter.junit.BaxterTestCase  - ObjectUpdaterThread.run() threadName: MessageReceiver Start waiting... ListUpdated: false
[2011-06-01 13:12:08,804][DEBUG] - setupUDPMessageHandler()  UDP_BUFFER_LENGTH: 4096 UDP_PRICE_RECEIVER_MAX_LIST_SIZE: 100 IS_LOGGING_UDP_MESSAGES: false userId: t General session
5035 [main] DEBUG com.baxter.junit.BaxterTestCase  - setupUDPMessageHandler()  UDP_BUFFER_LENGTH: 4096 UDP_PRICE_RECEIVER_MAX_LIST_SIZE: 100 IS_LOGGING_UDP_MESSAGES: false userId: t General session
5035 [main] DEBUG com.baxter.junit.BaxterTestCase  - setupUDPMessageHandler()  UDP_BUFFER_LENGTH: 4096 UDP_PRICE_RECEIVER_MAX_LIST_SIZE: 100 IS_LOGGING_UDP_MESSAGES: false userId: t General session
5035 [main] DEBUG com.baxter.junit.BaxterTestCase  - setupUDPMessageHandler()  UDP_BUFFER_LENGTH: 4096 UDP_PRICE_RECEIVER_MAX_LIST_SIZE: 100 IS_LOGGING_UDP_MESSAGES: false userId: t General session
[2011-06-01 13:12:08,807][TRACE] - ObjectUpdaterThread.run() threadName: UDPMessageReceiverObjectUpdaterThread Start waiting... ListUpdated: false
5038 [UDPMessageReceiverObjectUpdaterThread] TRACE com.baxter.junit.BaxterTestCase  - ObjectUpdaterThread.run() threadName: UDPMessageReceiverObjectUpdaterThread Start waiting... ListUpdated: false
5038 [UDPMessageReceiverObjectUpdaterThread] TRACE com.baxter.junit.BaxterTestCase  - ObjectUpdaterThread.run() threadName: UDPMessageReceiverObjectUpdaterThread Start waiting... ListUpdated: false
5038 [UDPMessageReceiverObjectUpdaterThread] TRACE com.baxter.junit.BaxterTestCase  - ObjectUpdaterThread.run() threadName: UDPMessageReceiverObjectUpdaterThread Start waiting... ListUpdated: false
[2011-06-01 13:12:08,807][DEBUG] - UserSession(): session is creating. userId: t General session
5038 [main] DEBUG com.baxter.junit.BaxterTestCase  - UserSession(): session is creating. userId: t General session
5038 [main] DEBUG com.baxter.junit.BaxterTestCase  - UserSession(): session is creating. userId: t General session
5038 [main] DEBUG com.baxter.junit.BaxterTestCase  - UserSession(): session is creating. userId: t General session
[2011-06-01 13:12:08,810][TRACE] - UserSession.UserSession(): MAX_ENTRIES_OF_MESSAGEHISTORY=100 JMS_HEARTBEAT_DELAY=5000 MAX_JMS_SESSION_STARTUP_DELAY=500 MAX_HEARTBEAT_TOLERANCE=5000 MAX_SIZE_OF_HOLD_UP_LIST=100 userId: t General session
5041 [main] TRACE com.baxter.junit.BaxterTestCase  - UserSession.UserSession(): MAX_ENTRIES_OF_MESSAGEHISTORY=100 JMS_HEARTBEAT_DELAY=5000 MAX_JMS_SESSION_STARTUP_DELAY=500 MAX_HEARTBEAT_TOLERANCE=5000 MAX_SIZE_OF_HOLD_UP_LIST=100 userId: t General session
5041 [main] TRACE com.baxter.junit.BaxterTestCase  - UserSession.UserSession(): MAX_ENTRIES_OF_MESSAGEHISTORY=100 JMS_HEARTBEAT_DELAY=5000 MAX_JMS_SESSION_STARTUP_DELAY=500 MAX_HEARTBEAT_TOLERANCE=5000 MAX_SIZE_OF_HOLD_UP_LIST=100 userId: t General session
5041 [main] TRACE com.baxter.junit.BaxterTestCase  - UserSession.UserSession(): MAX_ENTRIES_OF_MESSAGEHISTORY=100 JMS_HEARTBEAT_DELAY=5000 MAX_JMS_SESSION_STARTUP_DELAY=500 MAX_HEARTBEAT_TOLERANCE=5000 MAX_SIZE_OF_HOLD_UP_LIST=100 userId: t General session
[2011-06-01 13:12:08,810][TRACE] - UserSession.UserSession(): userListForSelector=[t, t1] userId: t General session
5041 [main] TRACE com.baxter.junit.BaxterTestCase  - UserSession.UserSession(): userListForSelector=[t, t1] userId: t General session
5041 [main] TRACE com.baxter.junit.BaxterTestCase  - UserSession.UserSession(): userListForSelector=[t, t1] userId: t General session
5041 [main] TRACE com.baxter.junit.BaxterTestCase  - UserSession.UserSession(): userListForSelector=[t, t1] userId: t General session
[2011-06-01 13:12:08,810][TRACE] - GeneralServerUserSession.setupJMS() is invoked. userId: t General session
5041 [main] TRACE com.baxter.junit.BaxterTestCase  - GeneralServerUserSession.setupJMS() is invoked. userId: t General session
5041 [main] TRACE com.baxter.junit.BaxterTestCase  - GeneralServerUserSession.setupJMS() is invoked. userId: t General session
5041 [main] TRACE com.baxter.junit.BaxterTestCase  - GeneralServerUserSession.setupJMS() is invoked. userId: t General session
[2011-06-01 13:12:08,811][TRACE] - GeneralServerUserSession.setupJMS() providerURL: jnp://192.168.9.33:1099
		contextFactory: org.jnp.interfaces.NamingContextFactory
		queueFactoryName: /ConnectionFactory
		JMS_ServerToClientQueue: t_JMS_ServerToClientQueue@router1
		JMS_ClientToServerQueue: t_JMS_ClientToServerQueue@router1
		timeToLive: 30000
		queueAliasForSending: t_JMS_QueueAliasSTC
[...]
9259 [main] TRACE com.baxter.junit.BaxterTestCase  - connectToJMS(): channelName: t_JMS_ClientToServerQueueForFailedTrades@router1, setExceptionListener()
9259 [main] TRACE com.baxter.junit.BaxterTestCase  - connectToJMS(): channelName: t_JMS_ClientToServerQueueForFailedTrades@router1, setExceptionListener()
[2011-06-01 13:12:13,028][TRACE] - connectToJMS(): channelName: t_JMS_ClientToServerQueueForFailedTrades@router1, createQueueSession()
9259 [main] TRACE com.baxter.junit.BaxterTestCase  - connectToJMS(): channelName: t_JMS_ClientToServerQueueForFailedTrades@router1, createQueueSession()
9259 [main] TRACE com.baxter.junit.BaxterTestCase  - connectToJMS(): channelName: t_JMS_ClientToServerQueueForFailedTrades@router1, createQueueSession()
9259 [main] TRACE com.baxter.junit.BaxterTestCase  - connectToJMS(): channelName: t_JMS_ClientToServerQueueForFailedTrades@router1, createQueueSession()
9259 [main] TRACE com.baxter.junit.BaxterTestCase  - connectToJMS(): channelName: t_JMS_ClientToServerQueueForFailedTrades@router1, createQueueSession()
[2011-06-01 13:12:13,030][TRACE] - connectToJMS(): channelName: t_JMS_ClientToServerQueueForFailedTrades@router1, lookup channelName: t_JMS_ClientToServerQueueForFailedTrades@router1
9261 [main] TRACE com.baxter.junit.BaxterTestCase  - connectToJMS(): channelName: t_JMS_ClientToServerQueueForFailedTrades@router1, lookup channelName: t_JMS_ClientToServerQueueForFailedTrades@router1
9261 [main] TRACE com.baxter.junit.BaxterTestCase  - connectToJMS(): channelName: t_JMS_ClientToServerQueueForFailedTrades@router1, lookup channelName: t_JMS_ClientToServerQueueForFailedTrades@router1
9261 [main] TRACE com.baxter.junit.BaxterTestCase  - connectToJMS(): channelName: t_JMS_ClientToServerQueueForFailedTrades@router1, lookup channelName: t_JMS_ClientToServerQueueForFailedTrades@router1
9261 [main] TRACE com.baxter.junit.BaxterTestCase  - connectToJMS(): channelName: t_JMS_ClientToServerQueueForFailedTrades@router1, lookup channelName: t_JMS_ClientToServerQueueForFailedTrades@router1
[2011-06-01 13:12:13,035][TRACE] - connectToJMS(): channelName: t_JMS_ClientToServerQueueForFailedTrades@router1, initialContext.close()
9266 [main] TRACE com.baxter.junit.BaxterTestCase  - connectToJMS(): channelName: t_JMS_ClientToServerQueueForFailedTrades@router1, initialContext.close()
9266 [main] TRACE com.baxter.junit.BaxterTestCase  - connectToJMS(): channelName: t_JMS_ClientToServerQueueForFailedTrades@router1, initialContext.close()
9266 [main] TRACE com.baxter.junit.BaxterTestCase  - connectToJMS(): channelName: t_JMS_ClientToServerQueueForFailedTrades@router1, initialContext.close()
9266 [main] TRACE com.baxter.junit.BaxterTestCase  - connectToJMS(): channelName: t_JMS_ClientToServerQueueForFailedTrades@router1, initialContext.close()
[2011-06-01 13:12:13,035][TRACE] - connectToJMS(): channelName: t_JMS_ClientToServerQueueForFailedTrades@router1, createReceiver()
9266 [main] TRACE com.baxter.junit.BaxterTestCase  - connectToJMS(): channelName: t_JMS_ClientToServerQueueForFailedTrades@router1, createReceiver()
9266 [main] TRACE com.baxter.junit.BaxterTestCase  - connectToJMS(): channelName: t_JMS_ClientToServerQueueForFailedTrades@router1, createReceiver()
9266 [main] TRACE com.baxter.junit.BaxterTestCase  - connectToJMS(): channelName: t_JMS_ClientToServerQueueForFailedTrades@router1, createReceiver()
9266 [main] TRACE com.baxter.junit.BaxterTestCase  - connectToJMS(): channelName: t_JMS_ClientToServerQueueForFailedTrades@router1, createReceiver()
[2011-06-01 13:12:13,038][TRACE] - connectToJMS(): successfully connected...  alias: t_JMS_QueueAliasCTSForFailedTrades providerURL: jnp://192.168.9.33:1099 channelName: t_JMS_ClientToServerQueueForFailedTrades@router1 ackMode: 1 messageTimeToLive: 30000 deliveryMode: 1 isSender: false messageListener: null userName: null password: null
9269 [main] TRACE com.baxter.junit.BaxterTestCase  - connectToJMS(): successfully connected...  alias: t_JMS_QueueAliasCTSForFailedTrades providerURL: jnp://192.168.9.33:1099 channelName: t_JMS_ClientToServerQueueForFailedTrades@router1 ackMode: 1 messageTimeToLive: 30000 deliveryMode: 1 isSender: false messageListener: null userName: null password: null
9269 [main] TRACE com.baxter.junit.BaxterTestCase  - connectToJMS(): successfully connected...  alias: t_JMS_QueueAliasCTSForFailedTrades providerURL: jnp://192.168.9.33:1099 channelName: t_JMS_ClientToServerQueueForFailedTrades@router1 ackMode: 1 messageTimeToLive: 30000 deliveryMode: 1 isSender: false messageListener: null userName: null password: null
9269 [main] TRACE com.baxter.junit.BaxterTestCase  - connectToJMS(): successfully connected...  alias: t_JMS_QueueAliasCTSForFailedTrades providerURL: jnp://192.168.9.33:1099 channelName: t_JMS_ClientToServerQueueForFailedTrades@router1 ackMode: 1 messageTimeToLive: 30000 deliveryMode: 1 isSender: false messageListener: null userName: null password: null
9269 [main] TRACE com.baxter.junit.BaxterTestCase  - connectToJMS(): successfully connected...  alias: t_JMS_QueueAliasCTSForFailedTrades providerURL: jnp://192.168.9.33:1099 channelName: t_JMS_ClientToServerQueueForFailedTrades@router1 ackMode: 1 messageTimeToLive: 30000 deliveryMode: 1 isSender: false messageListener: null userName: null password: null
[2011-06-01 13:12:13,044][TRACE] - UserSession.UserSession(String, String, Logger, boolean):
messageSender: com.baxter.cdtradesupervisor.UserSession$MessageSenderObjectUpdaterThread@1e2befa userId: t FailedTrade session
9275 [main] TRACE com.baxter.junit.BaxterTestCase  - UserSession.UserSession(String, String, Logger, boolean):
messageSender: com.baxter.cdtradesupervisor.UserSession$MessageSenderObjectUpdaterThread@1e2befa userId: t FailedTrade session
9275 [main] TRACE com.baxter.junit.BaxterTestCase  - UserSession.UserSession(String, String, Logger, boolean):
messageSender: com.baxter.cdtradesupervisor.UserSession$MessageSenderObjectUpdaterThread@1e2befa userId: t FailedTrade session
9275 [main] TRACE com.baxter.junit.BaxterTestCase  - UserSession.UserSession(String, String, Logger, boolean):
messageSender: com.baxter.cdtradesupervisor.UserSession$MessageSenderObjectUpdaterThread@1e2befa userId: t FailedTrade session
9275 [main] TRACE com.baxter.junit.BaxterTestCase  - UserSession.UserSession(String, String, Logger, boolean):
messageSender: com.baxter.cdtradesupervisor.UserSession$MessageSenderObjectUpdaterThread@1e2befa userId: t FailedTrade session
[2011-06-01 13:12:13,044][TRACE] - ObjectUpdaterThread.run() threadName: MessageSender Start waiting... ListUpdated: false
9275 [MessageSender] TRACE com.baxter.junit.BaxterTestCase  - ObjectUpdaterThread.run() threadName: MessageSender Start waiting... ListUpdated: false
9275 [MessageSender] TRACE com.baxter.junit.BaxterTestCase  - ObjectUpdaterThread.run() threadName: MessageSender Start waiting... ListUpdated: false
9275 [MessageSender] TRACE com.baxter.junit.BaxterTestCase  - ObjectUpdaterThread.run() threadName: MessageSender Start waiting... ListUpdated: false
9275 [MessageSender] TRACE com.baxter.junit.BaxterTestCase  - ObjectUpdaterThread.run() threadName: MessageSender Start waiting... ListUpdated: false
[2011-06-01 13:12:13,047][TRACE] - ObjectUpdaterThread.run() threadName: MessageReceiver userId: t FailedTrade session Start waiting... ListUpdated: false
9278 [MessageReceiver userId: t FailedTrade session] TRACE com.baxter.junit.BaxterTestCase  - ObjectUpdaterThread.run() threadName: MessageReceiver userId: t FailedTrade session Start waiting... ListUpdated: false
9278 [MessageReceiver userId: t FailedTrade session] TRACE com.baxter.junit.BaxterTestCase  - ObjectUpdaterThread.run() threadName: MessageReceiver userId: t FailedTrade session Start waiting... ListUpdated: false
9278 [MessageReceiver userId: t FailedTrade session] TRACE com.baxter.junit.BaxterTestCase  - ObjectUpdaterThread.run() threadName: MessageReceiver userId: t FailedTrade session Start waiting... ListUpdated: false
9278 [MessageReceiver userId: t FailedTrade session] TRACE com.baxter.junit.BaxterTestCase  - ObjectUpdaterThread.run() threadName: MessageReceiver userId: t FailedTrade session Start waiting... ListUpdated: false
[2011-06-01 13:12:13,052][DEBUG] - UserSession.sendMessage(): messageSender: com.baxter.cdtradesupervisor.UserSession$MessageSenderObjectUpdaterThread@1e2befa userId: t FailedTrade session
9283 [main] DEBUG com.baxter.junit.BaxterTestCase  - UserSession.sendMessage(): messageSender: com.baxter.cdtradesupervisor.UserSession$MessageSenderObjectUpdaterThread@1e2befa userId: t FailedTrade session
9283 [main] DEBUG com.baxter.junit.BaxterTestCase  - UserSession.sendMessage(): messageSender: com.baxter.cdtradesupervisor.UserSession$MessageSenderObjectUpdaterThread@1e2befa userId: t FailedTrade session
9283 [main] DEBUG com.baxter.junit.BaxterTestCase  - UserSession.sendMessage(): messageSender: com.baxter.cdtradesupervisor.UserSession$MessageSenderObjectUpdaterThread@1e2befa userId: t FailedTrade session
9283 [main] DEBUG com.baxter.junit.BaxterTestCase  - UserSession.sendMessage(): messageSender: com.baxter.cdtradesupervisor.UserSession$MessageSenderObjectUpdaterThread@1e2befa userId: t FailedTrade session
[2011-06-01 13:12:13,053][TRACE] - ObjectUpdaterThread.addNewObjectToList() is invoked... threadName: MessageSender userId: t FailedTrade session isClearingList: false isWaiting: true
9284 [main] TRACE com.baxter.junit.BaxterTestCase  - ObjectUpdaterThread.addNewObjectToList() is invoked... threadName: MessageSender userId: t FailedTrade session isClearingList: false isWaiting: true
9284 [main] TRACE com.baxter.junit.BaxterTestCase  - ObjectUpdaterThread.addNewObjectToList() is invoked... threadName: MessageSender userId: t FailedTrade session isClearingList: false isWaiting: true
9284 [main] TRACE com.baxter.junit.BaxterTestCase  - ObjectUpdaterThread.addNewObjectToList() is invoked... threadName: MessageSender userId: t FailedTrade session isClearingList: false isWaiting: true
9284 [main] TRACE com.baxter.junit.BaxterTestCase  - ObjectUpdaterThread.addNewObjectToList() is invoked... threadName: MessageSender userId: t FailedTrade session isClearingList: false isWaiting: true
[2011-06-01 13:12:13,053][TRACE] - ObjectUpdaterThread.addNewObjectToList(): notify invoked! listUpdated: true
9284 [main] TRACE com.baxter.junit.BaxterTestCase  - ObjectUpdaterThread.addNewObjectToList(): notify invoked! listUpdated: true
9284 [main] TRACE com.baxter.junit.BaxterTestCase  - ObjectUpdaterThread.addNewObjectToList(): notify invoked! listUpdated: true
9284 [main] TRACE com.baxter.junit.BaxterTestCase  - ObjectUpdaterThread.addNewObjectToList(): notify invoked! listUpdated: true
9284 [main] TRACE com.baxter.junit.BaxterTestCase  - ObjectUpdaterThread.addNewObjectToList(): notify invoked! listUpdated: true
[2011-06-01 13:12:13,054][TRACE] - ObjectUpdaterThread.addNewObjectToList() finished... threadName: MessageSender userId: t FailedTrade session isClearingList: false isWaiting: false processTime: 1
9285 [main] TRACE com.baxter.junit.BaxterTestCase  - ObjectUpdaterThread.addNewObjectToList() finished... threadName: MessageSender userId: t FailedTrade session isClearingList: false isWaiting: false processTime: 1
9285 [main] TRACE com.baxter.junit.BaxterTestCase  - ObjectUpdaterThread.addNewObjectToList() finished... threadName: MessageSender userId: t FailedTrade session isClearingList: false isWaiting: false processTime: 1
9285 [main] TRACE com.baxter.junit.BaxterTestCase  - ObjectUpdaterThread.addNewObjectToList() finished... threadName: MessageSender userId: t FailedTrade session isClearingList: false isWaiting: false processTime: 1
9285 [main] TRACE com.baxter.junit.BaxterTestCase  - ObjectUpdaterThread.addNewObjectToList() finished... threadName: MessageSender userId: t FailedTrade session isClearingList: false isWaiting: false processTime: 1
[2011-06-01 13:12:13,053][TRACE] - ObjectUpdaterThread.run() threadName: MessageSender userId: t FailedTrade session objectUpdates.size: 0
9284 [MessageSender userId: t FailedTrade session] TRACE com.baxter.junit.BaxterTestCase  - ObjectUpdaterThread.run() threadName: MessageSender userId: t FailedTrade session objectUpdates.size: 0
9284 [MessageSender userId: t FailedTrade session] TRACE com.baxter.junit.BaxterTestCase  - ObjectUpdaterThread.run() threadName: MessageSender userId: t FailedTrade session objectUpdates.size: 0
9284 [MessageSender userId: t FailedTrade session] TRACE com.baxter.junit.BaxterTestCase  - ObjectUpdaterThread.run() threadName: MessageSender userId: t FailedTrade session objectUpdates.size: 0
9284 [MessageSender userId: t FailedTrade session] TRACE com.baxter.junit.BaxterTestCase  - ObjectUpdaterThread.run() threadName: MessageSender userId: t FailedTrade session objectUpdates.size: 0
[2011-06-01 13:12:13,066][TRACE] - UserSession.MessageSenderObjectUpdaterThread.processObject() message sent: FailedTrades message: failedTrade:  userID: t orderID: 0 arrivedAt: 0 reutersCode:  deliveryCode:  direction:  tradablePrice: 0.0 originalQuantity: 0 referencePrice: 0.0 validity: 0 allOrNone: false marketTypeProduct: nullnullnull referenceID: null tradeID: 1234 mmID:  timeToLive: 0 filledPrice: 0.0 filledQuantity: 0 bankPriceObject: null bankPriceID:  filledAt: 0 userQuantity: 0 bank_trade_id: null bridge_mm_id: null status: 0 bank_ack: null fcmCode: null valueDate: null SeqNumber: 1  userId: t FailedTrade session
9297 [MessageSender userId: t FailedTrade session] TRACE com.baxter.junit.BaxterTestCase  - UserSession.MessageSenderObjectUpdaterThread.processObject() message sent: FailedTrades message: failedTrade:  userID: t orderID: 0 arrivedAt: 0 reutersCode:  deliveryCode:  direction:  tradablePrice: 0.0 originalQuantity: 0 referencePrice: 0.0 validity: 0 allOrNone: false marketTypeProduct: nullnullnull referenceID: null tradeID: 1234 mmID:  timeToLive: 0 filledPrice: 0.0 filledQuantity: 0 bankPriceObject: null bankPriceID:  filledAt: 0 userQuantity: 0 bank_trade_id: null bridge_mm_id: null status: 0 bank_ack: null fcmCode: null valueDate: null SeqNumber: 1  userId: t FailedTrade session
9297 [MessageSender userId: t FailedTrade session] TRACE com.baxter.junit.BaxterTestCase  - UserSession.MessageSenderObjectUpdaterThread.processObject() message sent: FailedTrades message: failedTrade:  userID: t orderID: 0 arrivedAt: 0 reutersCode:  deliveryCode:  direction:  tradablePrice: 0.0 originalQuantity: 0 referencePrice: 0.0 validity: 0 allOrNone: false marketTypeProduct: nullnullnull referenceID: null tradeID: 1234 mmID:  timeToLive: 0 filledPrice: 0.0 filledQuantity: 0 bankPriceObject: null bankPriceID:  filledAt: 0 userQuantity: 0 bank_trade_id: null bridge_mm_id: null status: 0 bank_ack: null fcmCode: null valueDate: null SeqNumber: 1  userId: t FailedTrade session
9297 [MessageSender userId: t FailedTrade session] TRACE com.baxter.junit.BaxterTestCase  - UserSession.MessageSenderObjectUpdaterThread.processObject() message sent: FailedTrades message: failedTrade:  userID: t orderID: 0 arrivedAt: 0 reutersCode:  deliveryCode:  direction:  tradablePrice: 0.0 originalQuantity: 0 referencePrice: 0.0 validity: 0 allOrNone: false marketTypeProduct: nullnullnull referenceID: null tradeID: 1234 mmID:  timeToLive: 0 filledPrice: 0.0 filledQuantity: 0 bankPriceObject: null bankPriceID:  filledAt: 0 userQuantity: 0 bank_trade_id: null bridge_mm_id: null status: 0 bank_ack: null fcmCode: null valueDate: null SeqNumber: 1  userId: t FailedTrade session
9297 [MessageSender userId: t FailedTrade session] TRACE com.baxter.junit.BaxterTestCase  - UserSession.MessageSenderObjectUpdaterThread.processObject() message sent: FailedTrades message: failedTrade:  userID: t orderID: 0 arrivedAt: 0 reutersCode:  deliveryCode:  direction:  tradablePrice: 0.0 originalQuantity: 0 referencePrice: 0.0 validity: 0 allOrNone: false marketTypeProduct: nullnullnull referenceID: null tradeID: 1234 mmID:  timeToLive: 0 filledPrice: 0.0 filledQuantity: 0 bankPriceObject: null bankPriceID:  filledAt: 0 userQuantity: 0 bank_trade_id: null bridge_mm_id: null status: 0 bank_ack: null fcmCode: null valueDate: null SeqNumber: 1  userId: t FailedTrade session
[2011-06-01 13:12:13,067][TRACE] - ObjectUpdaterThread.run() threadName: MessageSender userId: t FailedTrade session Start waiting... ListUpdated: false
9298 [MessageSender userId: t FailedTrade session] TRACE com.baxter.junit.BaxterTestCase  - ObjectUpdaterThread.run() threadName: MessageSender userId: t FailedTrade session Start waiting... ListUpdated: false
9298 [MessageSender userId: t FailedTrade session] TRACE com.baxter.junit.BaxterTestCase  - ObjectUpdaterThread.run() threadName: MessageSender userId: t FailedTrade session Start waiting... ListUpdated: false
9298 [MessageSender userId: t FailedTrade session] TRACE com.baxter.junit.BaxterTestCase  - ObjectUpdaterThread.run() threadName: MessageSender userId: t FailedTrade session Start waiting... ListUpdated: false
9298 [MessageSender userId: t FailedTrade session] TRACE com.baxter.junit.BaxterTestCase  - ObjectUpdaterThread.run() threadName: MessageSender userId: t FailedTrade session Start waiting... ListUpdated: false
[2011-06-01 13:12:15,057][DEBUG] - test end.
11288 [main] DEBUG com.baxter.junit.BaxterTestCase  - test end.
11288 [main] DEBUG com.baxter.junit.BaxterTestCase  - test end.
11288 [main] DEBUG com.baxter.junit.BaxterTestCase  - test end.
11288 [main] DEBUG com.baxter.junit.BaxterTestCase  - test end.
[2011-06-01 13:12:15,057][DEBUG] - ObjectUpdaterThread.stopService() is invoked... threadName: com.baxter.cdtradesupervisor.UserSession$MessageReceiverObjectUpdaterThread
11288 [main] DEBUG com.baxter.junit.BaxterTestCase  - ObjectUpdaterThread.stopService() is invoked... threadName: com.baxter.cdtradesupervisor.UserSession$MessageReceiverObjectUpdaterThread
11288 [main] DEBUG com.baxter.junit.BaxterTestCase  - ObjectUpdaterThread.stopService() is invoked... threadName: com.baxter.cdtradesupervisor.UserSession$MessageReceiverObjectUpdaterThread
11288 [main] DEBUG com.baxter.junit.BaxterTestCase  - ObjectUpdaterThread.stopService() is invoked... threadName: com.baxter.cdtradesupervisor.UserSession$MessageReceiverObjectUpdaterThread
11288 [main] DEBUG com.baxter.junit.BaxterTestCase  - ObjectUpdaterThread.stopService() is invoked... threadName: com.baxter.cdtradesupervisor.UserSession$MessageReceiverObjectUpdaterThread
[2011-06-01 13:12:15,057][DEBUG] - ObjectUpdaterThread.stopService() is invoked... threadName: com.baxter.cdtradesupervisor.UserSession$MessageSenderObjectUpdaterThread
11288 [main] DEBUG com.baxter.junit.BaxterTestCase  - ObjectUpdaterThread.stopService() is invoked... threadName: com.baxter.cdtradesupervisor.UserSession$MessageSenderObjectUpdaterThread
11288 [main] DEBUG com.baxter.junit.BaxterTestCase  - ObjectUpdaterThread.stopService() is invoked... threadName: com.baxter.cdtradesupervisor.UserSession$MessageSenderObjectUpdaterThread
11288 [main] DEBUG com.baxter.junit.BaxterTestCase  - ObjectUpdaterThread.stopService() is invoked... threadName: com.baxter.cdtradesupervisor.UserSession$MessageSenderObjectUpdaterThread
11288 [main] DEBUG com.baxter.junit.BaxterTestCase  - ObjectUpdaterThread.stopService() is invoked... threadName: com.baxter.cdtradesupervisor.UserSession$MessageSenderObjectUpdaterThread
</system-out>
    <system-err>Converted relativePath: /conf/jms_JUnit.ini to: /store/jenkins/jobs/currency-dealing/workspace/target/test-classes/conf/jms_JUnit.iniConverted relativePath: /conf/jms_JUnit.ini to: /store/jenkins/jobs/currency-dealing/workspace/target/test-classes/conf/jms_JUnit.iniConverted relativePath: /conf/jms_JUnit.ini to: /store/jenkins/jobs/currency-dealing/workspace/target/test-classes/conf/jms_JUnit.ini</system-err>
  </testcase>
  <testcase time="0.013" classname="com.baxter.cdtradesupervisor.TestUserSession" name="testbelongsToThisSession"/>
</testsuite>