<?xml version="1.0" encoding="UTF-8" ?>
<testsuite failures="0" time="0.965" errors="0" skipped="0" tests="7" name="com.baxter.fix.TestFIXUtils">
  <properties>
[...]
</properties>
  <testcase time="0.015" classname="com.baxter.fix.TestFIXUtils" name="testDateConversion"/>
  <testcase time="0.001" classname="com.baxter.fix.TestFIXUtils" name="testconvertAndAddDouble"/>
  <testcase time="0" classname="com.baxter.fix.TestFIXUtils" name="testconvertDlvCodeToMMY"/>
  <testcase time="0.001" classname="com.baxter.fix.TestFIXUtils" name="testAddLogTag"/>
  <testcase time="0" classname="com.baxter.fix.TestFIXUtils" name="testAddTag"/>
  <testcase time="0" classname="com.baxter.fix.TestFIXUtils" name="testConvertRtCodeToEBSSymbol"/>
  <testcase time="0.123" classname="com.baxter.fix.TestFIXUtils" name="testConvertSymbolToRtCode"/>
</testsuite>